#
# There is insufficient memory for the Java Runtime Environment to continue.
# Native memory allocation (mmap) failed to map 13589544960 bytes for Failed to commit area from 0x0000027ebc000000 to 0x00000281e6000000 of length 13589544960.
# Possible reasons:
#   The system is out of physical RAM or swap space
# Possible solutions:
#   Reduce memory load on the system
#   Increase physical memory or swap space
#   Check if swap backing store is full
#   Decrease Java heap size (-Xmx/-Xms)
#   Decrease number of Java threads
#   Decrease Java thread stack sizes (-Xss)
#   Set larger code cache with -XX:ReservedCodeCacheSize=
# This output file may be truncated or incomplete.
#
#  Out of Memory Error (./open/src/hotspot/os/windows/os_windows.cpp:3273), pid=16332, tid=1672
#
# JRE version: Java(TM) SE Runtime Environment 18.9 (11.0.12+8) (build 11.0.12+8-LTS-237)
# Java VM: Java HotSpot(TM) 64-Bit Server VM 18.9 (11.0.12+8-LTS-237, mixed mode, tiered, g1 gc, windows-amd64)
# No core dump will be written. Minidumps are not enabled by default on client versions of Windows
#

---------------  S U M M A R Y ------------

Command Line: -Xms256m -Xmx128G org.apache.maven.surefire.booter.ForkedBooter C:\Users\Hp\AppData\Local\Temp\surefire7259783179307528896 2022-01-17T12-14-18_787-jvmRun1 surefire17716842532173536489tmp surefire_03742744944076657620tmp

Host: Intel(R) Core(TM) i5-10210U CPU @ 1.60GHz, 8 cores, 7G,  Windows 10 , 64 bit Build 19041 (10.0.19041.1466)
Time: Mon Jan 17 12:15:43 2022 W. Europe Standard Time elapsed time: 84.510542 seconds (0d 0h 1m 24s)

---------------  T H R E A D  ---------------

Current thread (0x0000027b77d1c800):  VMThread "VM Thread" [stack: 0x000000b681a00000,0x000000b681b00000] [id=1672]

Stack: [0x000000b681a00000,0x000000b681b00000]
[error occurred during error reporting (printing stack bounds), id 0xc0000005, EXCEPTION_ACCESS_VIOLATION (0xc0000005) at pc=0x0000027b66ba0f20]

Native frames: (J=compiled Java code, j=interpreted, Vv=VM code, C=native code)
V  [jvm.dll+0x617d9a]
V  [jvm.dll+0x74eeef]
V  [jvm.dll+0x750599]
V  [jvm.dll+0x750b85]
V  [jvm.dll+0x750b3b]
V  [jvm.dll+0x6175d3]
V  [jvm.dll+0x617998]
C  [ntdll.dll+0xa20cf]
C  [ntdll.dll+0x51454]
C  [ntdll.dll+0xa0bfe]
C  0x0000027b66ba0f20

VM_Operation (0x000000b6826fe3a0): G1CollectForAllocation, mode: safepoint, requested by thread 0x0000029c7a2b6800


---------------  P R O C E S S  ---------------

Threads class SMR info:
_java_thread_list=0x0000029c7ee7a9f0, length=12, elements={
0x0000027b5cebf000, 0x0000027b77d20000, 0x0000027b77d29800, 0x0000027b77d3c000,
0x0000027b77d3d800, 0x0000027b77d3e800, 0x0000027b77d43000, 0x0000027b77d44000,
0x0000027b77d51800, 0x0000029c7a15a800, 0x0000029c7a11f000, 0x0000029c7a2b6800
}

Java Threads: ( => current thread )
  0x0000027b5cebf000 JavaThread "main" [_thread_blocked, id=3016, stack(0x000000b681400000,0x000000b681500000)]
  0x0000027b77d20000 JavaThread "Reference Handler" daemon [_thread_blocked, id=13580, stack(0x000000b681b00000,0x000000b681c00000)]
  0x0000027b77d29800 JavaThread "Finalizer" daemon [_thread_blocked, id=3352, stack(0x000000b681c00000,0x000000b681d00000)]
  0x0000027b77d3c000 JavaThread "Signal Dispatcher" daemon [_thread_blocked, id=21444, stack(0x000000b681d00000,0x000000b681e00000)]
  0x0000027b77d3d800 JavaThread "Attach Listener" daemon [_thread_blocked, id=18164, stack(0x000000b681e00000,0x000000b681f00000)]
  0x0000027b77d3e800 JavaThread "Service Thread" daemon [_thread_blocked, id=17084, stack(0x000000b681f00000,0x000000b682000000)]
  0x0000027b77d43000 JavaThread "C2 CompilerThread0" daemon [_thread_blocked, id=13424, stack(0x000000b682000000,0x000000b682100000)]
  0x0000027b77d44000 JavaThread "C1 CompilerThread0" daemon [_thread_blocked, id=20572, stack(0x000000b682100000,0x000000b682200000)]
  0x0000027b77d51800 JavaThread "Sweeper thread" daemon [_thread_blocked, id=20172, stack(0x000000b682200000,0x000000b682300000)]
  0x0000029c7a15a800 JavaThread "Common-Cleaner" daemon [_thread_blocked, id=16820, stack(0x000000b682400000,0x000000b682500000)]
  0x0000029c7a11f000 JavaThread "surefire-forkedjvm-command-thread" daemon [_thread_in_native, id=2312, stack(0x000000b682500000,0x000000b682600000)]
  0x0000029c7a2b6800 JavaThread "surefire-forkedjvm-ping-30s" daemon [_thread_blocked, id=5764, stack(0x000000b682600000,0x000000b682700000)]

Other Threads:
=>0x0000027b77d1c800 VMThread "VM Thread" [stack: 0x000000b681a00000,0x000000b681b00000] [id=1672]
  0x0000029c7a11d000 WatcherThread [stack: 0x000000b682300000,0x000000b682400000] [id=14632]
  0x0000027b5ced4000 GCTaskThread "GC Thread#0" [stack: 0x000000b681500000,0x000000b681600000] [id=10668]
  0x0000029c7ab45000 GCTaskThread "GC Thread#1" [stack: 0x000000b682900000,0x000000b682a00000] [id=19192]
  0x0000029c7b49b000 GCTaskThread "GC Thread#2" [stack: 0x000000b682a00000,0x000000b682b00000] [id=17912]
  0x0000029c7b5a8800 GCTaskThread "GC Thread#3" [stack: 0x000000b682b00000,0x000000b682c00000] [id=19796]
  0x0000029c7b47d000 GCTaskThread "GC Thread#4" [stack: 0x000000b682c00000,0x000000b682d00000] [id=15736]
  0x0000029c7a593800 GCTaskThread "GC Thread#5" [stack: 0x000000b682d00000,0x000000b682e00000] [id=14764]
  0x0000029c7d65a800 GCTaskThread "GC Thread#6" [stack: 0x000000b682f00000,0x000000b683000000] [id=14568]
  0x0000029c7e18c800 GCTaskThread "GC Thread#7" [stack: 0x000000b683000000,0x000000b683100000] [id=20392]
  0x0000027b5cf13000 ConcurrentGCThread "G1 Main Marker" [stack: 0x000000b681600000,0x000000b681700000] [id=9816]
  0x0000027b5cf15800 ConcurrentGCThread "G1 Conc#0" [stack: 0x000000b681700000,0x000000b681800000] [id=21380]
  0x0000029c7b240000 ConcurrentGCThread "G1 Conc#1" [stack: 0x000000b682e00000,0x000000b682f00000] [id=9800]
  0x0000027b5cf52800 ConcurrentGCThread "G1 Refine#0" [stack: 0x000000b681800000,0x000000b681900000] [id=8284]
  0x0000027b5cf53800 ConcurrentGCThread "G1 Young RemSet Sampling" [stack: 0x000000b681900000,0x000000b681a00000] [id=11416]

Threads with active compile tasks:

VM state:at safepoint (normal execution)

VM Mutex/Monitor currently owned by a thread:  ([mutex/lock_event])
[0x0000027b5cebafb0] Threads_lock - owner thread: 0x0000027b77d1c800
[0x0000027b5cebb310] Heap_lock - owner thread: 0x0000029c7a2b6800

Heap:
 garbage-first heap   total 26968064K, used 277892K [0x0000027b78000000, 0x0000029b78000000)
  region size 32768K, 1 young (32768K), 1 survivors (32768K)
 Metaspace       used 27528K, capacity 27804K, committed 27904K, reserved 28672K
Heap Regions: E=young(eden), S=young(survivor), O=old, HS=humongous(starts), HC=humongous(continues), CS=collection set, F=free, A=archive, TAMS=top-at-mark-start (previous, next)
|   0|0x0000027b78000000, 0x0000027b7a000000, 0x0000027b7a000000|100%| O|  |TAMS 0x0000027b78000000, 0x0000027b78000000| Untracked 
|   1|0x0000027b7a000000, 0x0000027b7c000000, 0x0000027b7c000000|100%| O|  |TAMS 0x0000027b7a000000, 0x0000027b7a000000| Untracked 
|   2|0x0000027b7c000000, 0x0000027b7e000000, 0x0000027b7e000000|100%| O|  |TAMS 0x0000027b7c000000, 0x0000027b7c000000| Untracked 
|   3|0x0000027b7e000000, 0x0000027b80000000, 0x0000027b80000000|100%| O|  |TAMS 0x0000027b7e000000, 0x0000027b7e000000| Untracked 
|   4|0x0000027b80000000, 0x0000027b82000000, 0x0000027b82000000|100%| O|  |TAMS 0x0000027b80000000, 0x0000027b80000000| Untracked 
|   5|0x0000027b82000000, 0x0000027b84000000, 0x0000027b84000000|100%| O|  |TAMS 0x0000027b82000000, 0x0000027b82000000| Untracked 
|   6|0x0000027b84000000, 0x0000027b86000000, 0x0000027b86000000|100%| O|  |TAMS 0x0000027b84000000, 0x0000027b84000000| Untracked 
|   7|0x0000027b86000000, 0x0000027b879d0c00, 0x0000027b88000000| 80%| O|  |TAMS 0x0000027b86000000, 0x0000027b86000000| Untracked 
|   8|0x0000027b88000000, 0x0000027b88000000, 0x0000027b8a000000|  0%| F|  |TAMS 0x0000027b88000000, 0x0000027b88000000| Untracked 
|   9|0x0000027b8a000000, 0x0000027b8a000000, 0x0000027b8c000000|  0%| F|  |TAMS 0x0000027b8a000000, 0x0000027b8a000000| Untracked 
|  10|0x0000027b8c000000, 0x0000027b8c000000, 0x0000027b8e000000|  0%| F|  |TAMS 0x0000027b8c000000, 0x0000027b8c000000| Untracked 
|  11|0x0000027b8e000000, 0x0000027b8e000000, 0x0000027b90000000|  0%| F|  |TAMS 0x0000027b8e000000, 0x0000027b8e000000| Untracked 
|  12|0x0000027b90000000, 0x0000027b90000000, 0x0000027b92000000|  0%| F|  |TAMS 0x0000027b90000000, 0x0000027b90000000| Untracked 
|  13|0x0000027b92000000, 0x0000027b92000000, 0x0000027b94000000|  0%| F|  |TAMS 0x0000027b92000000, 0x0000027b92000000| Untracked 
|  14|0x0000027b94000000, 0x0000027b94000000, 0x0000027b96000000|  0%| F|  |TAMS 0x0000027b94000000, 0x0000027b94000000| Untracked 
|  15|0x0000027b96000000, 0x0000027b96000000, 0x0000027b98000000|  0%| F|  |TAMS 0x0000027b96000000, 0x0000027b96000000| Untracked 
|  16|0x0000027b98000000, 0x0000027b98000000, 0x0000027b9a000000|  0%| F|  |TAMS 0x0000027b98000000, 0x0000027b98000000| Untracked 
|  17|0x0000027b9a000000, 0x0000027b9a000000, 0x0000027b9c000000|  0%| F|  |TAMS 0x0000027b9a000000, 0x0000027b9a000000| Untracked 
|  18|0x0000027b9c000000, 0x0000027b9c000000, 0x0000027b9e000000|  0%| F|  |TAMS 0x0000027b9c000000, 0x0000027b9c000000| Untracked 
|  19|0x0000027b9e000000, 0x0000027b9e000000, 0x0000027ba0000000|  0%| F|  |TAMS 0x0000027b9e000000, 0x0000027b9e000000| Untracked 
|  20|0x0000027ba0000000, 0x0000027ba0000000, 0x0000027ba2000000|  0%| F|  |TAMS 0x0000027ba0000000, 0x0000027ba0000000| Untracked 
|  21|0x0000027ba2000000, 0x0000027ba2000000, 0x0000027ba4000000|  0%| F|  |TAMS 0x0000027ba2000000, 0x0000027ba2000000| Untracked 
|  22|0x0000027ba4000000, 0x0000027ba4000000, 0x0000027ba6000000|  0%| F|  |TAMS 0x0000027ba4000000, 0x0000027ba4000000| Untracked 
|  23|0x0000027ba6000000, 0x0000027ba6000000, 0x0000027ba8000000|  0%| F|  |TAMS 0x0000027ba6000000, 0x0000027ba6000000| Untracked 
|  24|0x0000027ba8000000, 0x0000027ba8000000, 0x0000027baa000000|  0%| F|  |TAMS 0x0000027ba8000000, 0x0000027ba8000000| Untracked 
|  25|0x0000027baa000000, 0x0000027baa000000, 0x0000027bac000000|  0%| F|  |TAMS 0x0000027baa000000, 0x0000027baa000000| Untracked 
|  26|0x0000027bac000000, 0x0000027bac000000, 0x0000027bae000000|  0%| F|  |TAMS 0x0000027bac000000, 0x0000027bac000000| Untracked 
|  27|0x0000027bae000000, 0x0000027bae000000, 0x0000027bb0000000|  0%| F|  |TAMS 0x0000027bae000000, 0x0000027bae000000| Untracked 
|  28|0x0000027bb0000000, 0x0000027bb0000000, 0x0000027bb2000000|  0%| F|  |TAMS 0x0000027bb0000000, 0x0000027bb0000000| Untracked 
|  29|0x0000027bb2000000, 0x0000027bb2000000, 0x0000027bb4000000|  0%| F|  |TAMS 0x0000027bb2000000, 0x0000027bb2000000| Untracked 
|  30|0x0000027bb4000000, 0x0000027bb4000000, 0x0000027bb6000000|  0%| F|  |TAMS 0x0000027bb4000000, 0x0000027bb4000000| Untracked 
|  31|0x0000027bb6000000, 0x0000027bb6000000, 0x0000027bb8000000|  0%| F|  |TAMS 0x0000027bb6000000, 0x0000027bb6000000| Untracked 
|  32|0x0000027bb8000000, 0x0000027bb8000000, 0x0000027bba000000|  0%| F|  |TAMS 0x0000027bb8000000, 0x0000027bb8000000| Untracked 
|  33|0x0000027bba000000, 0x0000027bba000000, 0x0000027bbc000000|  0%| F|  |TAMS 0x0000027bba000000, 0x0000027bba000000| Untracked 
|  34|0x0000027bbc000000, 0x0000027bbc000000, 0x0000027bbe000000|  0%| F|  |TAMS 0x0000027bbc000000, 0x0000027bbc000000| Untracked 
|  35|0x0000027bbe000000, 0x0000027bbe000000, 0x0000027bc0000000|  0%| F|  |TAMS 0x0000027bbe000000, 0x0000027bbe000000| Untracked 
|  36|0x0000027bc0000000, 0x0000027bc0000000, 0x0000027bc2000000|  0%| F|  |TAMS 0x0000027bc0000000, 0x0000027bc0000000| Untracked 
|  37|0x0000027bc2000000, 0x0000027bc2000000, 0x0000027bc4000000|  0%| F|  |TAMS 0x0000027bc2000000, 0x0000027bc2000000| Untracked 
|  38|0x0000027bc4000000, 0x0000027bc4000000, 0x0000027bc6000000|  0%| F|  |TAMS 0x0000027bc4000000, 0x0000027bc4000000| Untracked 
|  39|0x0000027bc6000000, 0x0000027bc6000000, 0x0000027bc8000000|  0%| F|  |TAMS 0x0000027bc6000000, 0x0000027bc6000000| Untracked 
|  40|0x0000027bc8000000, 0x0000027bc8000000, 0x0000027bca000000|  0%| F|  |TAMS 0x0000027bc8000000, 0x0000027bc8000000| Untracked 
|  41|0x0000027bca000000, 0x0000027bca000000, 0x0000027bcc000000|  0%| F|  |TAMS 0x0000027bca000000, 0x0000027bca000000| Untracked 
|  42|0x0000027bcc000000, 0x0000027bcc000000, 0x0000027bce000000|  0%| F|  |TAMS 0x0000027bcc000000, 0x0000027bcc000000| Untracked 
|  43|0x0000027bce000000, 0x0000027bce000000, 0x0000027bd0000000|  0%| F|  |TAMS 0x0000027bce000000, 0x0000027bce000000| Untracked 
|  44|0x0000027bd0000000, 0x0000027bd0000000, 0x0000027bd2000000|  0%| F|  |TAMS 0x0000027bd0000000, 0x0000027bd0000000| Untracked 
|  45|0x0000027bd2000000, 0x0000027bd2000000, 0x0000027bd4000000|  0%| F|  |TAMS 0x0000027bd2000000, 0x0000027bd2000000| Untracked 
|  46|0x0000027bd4000000, 0x0000027bd4000000, 0x0000027bd6000000|  0%| F|  |TAMS 0x0000027bd4000000, 0x0000027bd4000000| Untracked 
|  47|0x0000027bd6000000, 0x0000027bd6000000, 0x0000027bd8000000|  0%| F|  |TAMS 0x0000027bd6000000, 0x0000027bd6000000| Untracked 
|  48|0x0000027bd8000000, 0x0000027bd8000000, 0x0000027bda000000|  0%| F|  |TAMS 0x0000027bd8000000, 0x0000027bd8000000| Untracked 
|  49|0x0000027bda000000, 0x0000027bda000000, 0x0000027bdc000000|  0%| F|  |TAMS 0x0000027bda000000, 0x0000027bda000000| Untracked 
|  50|0x0000027bdc000000, 0x0000027bdc000000, 0x0000027bde000000|  0%| F|  |TAMS 0x0000027bdc000000, 0x0000027bdc000000| Untracked 
|  51|0x0000027bde000000, 0x0000027bde000000, 0x0000027be0000000|  0%| F|  |TAMS 0x0000027bde000000, 0x0000027bde000000| Untracked 
|  52|0x0000027be0000000, 0x0000027be0000000, 0x0000027be2000000|  0%| F|  |TAMS 0x0000027be0000000, 0x0000027be0000000| Untracked 
|  53|0x0000027be2000000, 0x0000027be2000000, 0x0000027be4000000|  0%| F|  |TAMS 0x0000027be2000000, 0x0000027be2000000| Untracked 
|  54|0x0000027be4000000, 0x0000027be4000000, 0x0000027be6000000|  0%| F|  |TAMS 0x0000027be4000000, 0x0000027be4000000| Untracked 
|  55|0x0000027be6000000, 0x0000027be6000000, 0x0000027be8000000|  0%| F|  |TAMS 0x0000027be6000000, 0x0000027be6000000| Untracked 
|  56|0x0000027be8000000, 0x0000027be8000000, 0x0000027bea000000|  0%| F|  |TAMS 0x0000027be8000000, 0x0000027be8000000| Untracked 
|  57|0x0000027bea000000, 0x0000027bea000000, 0x0000027bec000000|  0%| F|  |TAMS 0x0000027bea000000, 0x0000027bea000000| Untracked 
|  58|0x0000027bec000000, 0x0000027bec000000, 0x0000027bee000000|  0%| F|  |TAMS 0x0000027bec000000, 0x0000027bec000000| Untracked 
|  59|0x0000027bee000000, 0x0000027bee000000, 0x0000027bf0000000|  0%| F|  |TAMS 0x0000027bee000000, 0x0000027bee000000| Untracked 
|  60|0x0000027bf0000000, 0x0000027bf0000000, 0x0000027bf2000000|  0%| F|  |TAMS 0x0000027bf0000000, 0x0000027bf0000000| Untracked 
|  61|0x0000027bf2000000, 0x0000027bf2000000, 0x0000027bf4000000|  0%| F|  |TAMS 0x0000027bf2000000, 0x0000027bf2000000| Untracked 
|  62|0x0000027bf4000000, 0x0000027bf4000000, 0x0000027bf6000000|  0%| F|  |TAMS 0x0000027bf4000000, 0x0000027bf4000000| Untracked 
|  63|0x0000027bf6000000, 0x0000027bf6000000, 0x0000027bf8000000|  0%| F|  |TAMS 0x0000027bf6000000, 0x0000027bf6000000| Untracked 
|  64|0x0000027bf8000000, 0x0000027bf8000000, 0x0000027bfa000000|  0%| F|  |TAMS 0x0000027bf8000000, 0x0000027bf8000000| Untracked 
|  65|0x0000027bfa000000, 0x0000027bfa000000, 0x0000027bfc000000|  0%| F|  |TAMS 0x0000027bfa000000, 0x0000027bfa000000| Untracked 
|  66|0x0000027bfc000000, 0x0000027bfc000000, 0x0000027bfe000000|  0%| F|  |TAMS 0x0000027bfc000000, 0x0000027bfc000000| Untracked 
|  67|0x0000027bfe000000, 0x0000027bfe000000, 0x0000027c00000000|  0%| F|  |TAMS 0x0000027bfe000000, 0x0000027bfe000000| Untracked 
|  68|0x0000027c00000000, 0x0000027c00000000, 0x0000027c02000000|  0%| F|  |TAMS 0x0000027c00000000, 0x0000027c00000000| Untracked 
|  69|0x0000027c02000000, 0x0000027c02000000, 0x0000027c04000000|  0%| F|  |TAMS 0x0000027c02000000, 0x0000027c02000000| Untracked 
|  70|0x0000027c04000000, 0x0000027c04000000, 0x0000027c06000000|  0%| F|  |TAMS 0x0000027c04000000, 0x0000027c04000000| Untracked 
|  71|0x0000027c06000000, 0x0000027c06000000, 0x0000027c08000000|  0%| F|  |TAMS 0x0000027c06000000, 0x0000027c06000000| Untracked 
|  72|0x0000027c08000000, 0x0000027c08000000, 0x0000027c0a000000|  0%| F|  |TAMS 0x0000027c08000000, 0x0000027c08000000| Untracked 
|  73|0x0000027c0a000000, 0x0000027c0a000000, 0x0000027c0c000000|  0%| F|  |TAMS 0x0000027c0a000000, 0x0000027c0a000000| Untracked 
|  74|0x0000027c0c000000, 0x0000027c0c000000, 0x0000027c0e000000|  0%| F|  |TAMS 0x0000027c0c000000, 0x0000027c0c000000| Untracked 
|  75|0x0000027c0e000000, 0x0000027c0e000000, 0x0000027c10000000|  0%| F|  |TAMS 0x0000027c0e000000, 0x0000027c0e000000| Untracked 
|  76|0x0000027c10000000, 0x0000027c10000000, 0x0000027c12000000|  0%| F|  |TAMS 0x0000027c10000000, 0x0000027c10000000| Untracked 
|  77|0x0000027c12000000, 0x0000027c12000000, 0x0000027c14000000|  0%| F|  |TAMS 0x0000027c12000000, 0x0000027c12000000| Untracked 
|  78|0x0000027c14000000, 0x0000027c14000000, 0x0000027c16000000|  0%| F|  |TAMS 0x0000027c14000000, 0x0000027c14000000| Untracked 
|  79|0x0000027c16000000, 0x0000027c16000000, 0x0000027c18000000|  0%| F|  |TAMS 0x0000027c16000000, 0x0000027c16000000| Untracked 
|  80|0x0000027c18000000, 0x0000027c18000000, 0x0000027c1a000000|  0%| F|  |TAMS 0x0000027c18000000, 0x0000027c18000000| Untracked 
|  81|0x0000027c1a000000, 0x0000027c1a000000, 0x0000027c1c000000|  0%| F|  |TAMS 0x0000027c1a000000, 0x0000027c1a000000| Untracked 
|  82|0x0000027c1c000000, 0x0000027c1c000000, 0x0000027c1e000000|  0%| F|  |TAMS 0x0000027c1c000000, 0x0000027c1c000000| Untracked 
|  83|0x0000027c1e000000, 0x0000027c1e000000, 0x0000027c20000000|  0%| F|  |TAMS 0x0000027c1e000000, 0x0000027c1e000000| Untracked 
|  84|0x0000027c20000000, 0x0000027c20000000, 0x0000027c22000000|  0%| F|  |TAMS 0x0000027c20000000, 0x0000027c20000000| Untracked 
|  85|0x0000027c22000000, 0x0000027c22000000, 0x0000027c24000000|  0%| F|  |TAMS 0x0000027c22000000, 0x0000027c22000000| Untracked 
|  86|0x0000027c24000000, 0x0000027c24000000, 0x0000027c26000000|  0%| F|  |TAMS 0x0000027c24000000, 0x0000027c24000000| Untracked 
|  87|0x0000027c26000000, 0x0000027c26000000, 0x0000027c28000000|  0%| F|  |TAMS 0x0000027c26000000, 0x0000027c26000000| Untracked 
|  88|0x0000027c28000000, 0x0000027c28000000, 0x0000027c2a000000|  0%| F|  |TAMS 0x0000027c28000000, 0x0000027c28000000| Untracked 
|  89|0x0000027c2a000000, 0x0000027c2a000000, 0x0000027c2c000000|  0%| F|  |TAMS 0x0000027c2a000000, 0x0000027c2a000000| Untracked 
|  90|0x0000027c2c000000, 0x0000027c2c000000, 0x0000027c2e000000|  0%| F|  |TAMS 0x0000027c2c000000, 0x0000027c2c000000| Untracked 
|  91|0x0000027c2e000000, 0x0000027c2e000000, 0x0000027c30000000|  0%| F|  |TAMS 0x0000027c2e000000, 0x0000027c2e000000| Untracked 
|  92|0x0000027c30000000, 0x0000027c30000000, 0x0000027c32000000|  0%| F|  |TAMS 0x0000027c30000000, 0x0000027c30000000| Untracked 
|  93|0x0000027c32000000, 0x0000027c32000000, 0x0000027c34000000|  0%| F|  |TAMS 0x0000027c32000000, 0x0000027c32000000| Untracked 
|  94|0x0000027c34000000, 0x0000027c34000000, 0x0000027c36000000|  0%| F|  |TAMS 0x0000027c34000000, 0x0000027c34000000| Untracked 
|  95|0x0000027c36000000, 0x0000027c36000000, 0x0000027c38000000|  0%| F|  |TAMS 0x0000027c36000000, 0x0000027c36000000| Untracked 
|  96|0x0000027c38000000, 0x0000027c38000000, 0x0000027c3a000000|  0%| F|  |TAMS 0x0000027c38000000, 0x0000027c38000000| Untracked 
|  97|0x0000027c3a000000, 0x0000027c3a000000, 0x0000027c3c000000|  0%| F|  |TAMS 0x0000027c3a000000, 0x0000027c3a000000| Untracked 
|  98|0x0000027c3c000000, 0x0000027c3c000000, 0x0000027c3e000000|  0%| F|  |TAMS 0x0000027c3c000000, 0x0000027c3c000000| Untracked 
|  99|0x0000027c3e000000, 0x0000027c3e000000, 0x0000027c40000000|  0%| F|  |TAMS 0x0000027c3e000000, 0x0000027c3e000000| Untracked 
| 100|0x0000027c40000000, 0x0000027c40000000, 0x0000027c42000000|  0%| F|  |TAMS 0x0000027c40000000, 0x0000027c40000000| Untracked 
| 101|0x0000027c42000000, 0x0000027c42000000, 0x0000027c44000000|  0%| F|  |TAMS 0x0000027c42000000, 0x0000027c42000000| Untracked 
| 102|0x0000027c44000000, 0x0000027c44000000, 0x0000027c46000000|  0%| F|  |TAMS 0x0000027c44000000, 0x0000027c44000000| Untracked 
| 103|0x0000027c46000000, 0x0000027c46000000, 0x0000027c48000000|  0%| F|  |TAMS 0x0000027c46000000, 0x0000027c46000000| Untracked 
| 104|0x0000027c48000000, 0x0000027c48000000, 0x0000027c4a000000|  0%| F|  |TAMS 0x0000027c48000000, 0x0000027c48000000| Untracked 
| 105|0x0000027c4a000000, 0x0000027c4a000000, 0x0000027c4c000000|  0%| F|  |TAMS 0x0000027c4a000000, 0x0000027c4a000000| Untracked 
| 106|0x0000027c4c000000, 0x0000027c4c000000, 0x0000027c4e000000|  0%| F|  |TAMS 0x0000027c4c000000, 0x0000027c4c000000| Untracked 
| 107|0x0000027c4e000000, 0x0000027c4e000000, 0x0000027c50000000|  0%| F|  |TAMS 0x0000027c4e000000, 0x0000027c4e000000| Untracked 
| 108|0x0000027c50000000, 0x0000027c50000000, 0x0000027c52000000|  0%| F|  |TAMS 0x0000027c50000000, 0x0000027c50000000| Untracked 
| 109|0x0000027c52000000, 0x0000027c52000000, 0x0000027c54000000|  0%| F|  |TAMS 0x0000027c52000000, 0x0000027c52000000| Untracked 
| 110|0x0000027c54000000, 0x0000027c54000000, 0x0000027c56000000|  0%| F|  |TAMS 0x0000027c54000000, 0x0000027c54000000| Untracked 
| 111|0x0000027c56000000, 0x0000027c56000000, 0x0000027c58000000|  0%| F|  |TAMS 0x0000027c56000000, 0x0000027c56000000| Untracked 
| 112|0x0000027c58000000, 0x0000027c58000000, 0x0000027c5a000000|  0%| F|  |TAMS 0x0000027c58000000, 0x0000027c58000000| Untracked 
| 113|0x0000027c5a000000, 0x0000027c5a000000, 0x0000027c5c000000|  0%| F|  |TAMS 0x0000027c5a000000, 0x0000027c5a000000| Untracked 
| 114|0x0000027c5c000000, 0x0000027c5c000000, 0x0000027c5e000000|  0%| F|  |TAMS 0x0000027c5c000000, 0x0000027c5c000000| Untracked 
| 115|0x0000027c5e000000, 0x0000027c5e000000, 0x0000027c60000000|  0%| F|  |TAMS 0x0000027c5e000000, 0x0000027c5e000000| Untracked 
| 116|0x0000027c60000000, 0x0000027c60000000, 0x0000027c62000000|  0%| F|  |TAMS 0x0000027c60000000, 0x0000027c60000000| Untracked 
| 117|0x0000027c62000000, 0x0000027c62000000, 0x0000027c64000000|  0%| F|  |TAMS 0x0000027c62000000, 0x0000027c62000000| Untracked 
| 118|0x0000027c64000000, 0x0000027c64000000, 0x0000027c66000000|  0%| F|  |TAMS 0x0000027c64000000, 0x0000027c64000000| Untracked 
| 119|0x0000027c66000000, 0x0000027c66000000, 0x0000027c68000000|  0%| F|  |TAMS 0x0000027c66000000, 0x0000027c66000000| Untracked 
| 120|0x0000027c68000000, 0x0000027c68000000, 0x0000027c6a000000|  0%| F|  |TAMS 0x0000027c68000000, 0x0000027c68000000| Untracked 
| 121|0x0000027c6a000000, 0x0000027c6a000000, 0x0000027c6c000000|  0%| F|  |TAMS 0x0000027c6a000000, 0x0000027c6a000000| Untracked 
| 122|0x0000027c6c000000, 0x0000027c6c000000, 0x0000027c6e000000|  0%| F|  |TAMS 0x0000027c6c000000, 0x0000027c6c000000| Untracked 
| 123|0x0000027c6e000000, 0x0000027c6e000000, 0x0000027c70000000|  0%| F|  |TAMS 0x0000027c6e000000, 0x0000027c6e000000| Untracked 
| 124|0x0000027c70000000, 0x0000027c70000000, 0x0000027c72000000|  0%| F|  |TAMS 0x0000027c70000000, 0x0000027c70000000| Untracked 
| 125|0x0000027c72000000, 0x0000027c72000000, 0x0000027c74000000|  0%| F|  |TAMS 0x0000027c72000000, 0x0000027c72000000| Untracked 
| 126|0x0000027c74000000, 0x0000027c74000000, 0x0000027c76000000|  0%| F|  |TAMS 0x0000027c74000000, 0x0000027c74000000| Untracked 
| 127|0x0000027c76000000, 0x0000027c76000000, 0x0000027c78000000|  0%| F|  |TAMS 0x0000027c76000000, 0x0000027c76000000| Untracked 
| 128|0x0000027c78000000, 0x0000027c78000000, 0x0000027c7a000000|  0%| F|  |TAMS 0x0000027c78000000, 0x0000027c78000000| Untracked 
| 129|0x0000027c7a000000, 0x0000027c7a000000, 0x0000027c7c000000|  0%| F|  |TAMS 0x0000027c7a000000, 0x0000027c7a000000| Untracked 
| 130|0x0000027c7c000000, 0x0000027c7c000000, 0x0000027c7e000000|  0%| F|  |TAMS 0x0000027c7c000000, 0x0000027c7c000000| Untracked 
| 131|0x0000027c7e000000, 0x0000027c7e000000, 0x0000027c80000000|  0%| F|  |TAMS 0x0000027c7e000000, 0x0000027c7e000000| Untracked 
| 132|0x0000027c80000000, 0x0000027c80000000, 0x0000027c82000000|  0%| F|  |TAMS 0x0000027c80000000, 0x0000027c80000000| Untracked 
| 133|0x0000027c82000000, 0x0000027c82000000, 0x0000027c84000000|  0%| F|  |TAMS 0x0000027c82000000, 0x0000027c82000000| Untracked 
| 134|0x0000027c84000000, 0x0000027c84000000, 0x0000027c86000000|  0%| F|  |TAMS 0x0000027c84000000, 0x0000027c84000000| Untracked 
| 135|0x0000027c86000000, 0x0000027c86000000, 0x0000027c88000000|  0%| F|  |TAMS 0x0000027c86000000, 0x0000027c86000000| Untracked 
| 136|0x0000027c88000000, 0x0000027c88000000, 0x0000027c8a000000|  0%| F|  |TAMS 0x0000027c88000000, 0x0000027c88000000| Untracked 
| 137|0x0000027c8a000000, 0x0000027c8a000000, 0x0000027c8c000000|  0%| F|  |TAMS 0x0000027c8a000000, 0x0000027c8a000000| Untracked 
| 138|0x0000027c8c000000, 0x0000027c8c000000, 0x0000027c8e000000|  0%| F|  |TAMS 0x0000027c8c000000, 0x0000027c8c000000| Untracked 
| 139|0x0000027c8e000000, 0x0000027c8e000000, 0x0000027c90000000|  0%| F|  |TAMS 0x0000027c8e000000, 0x0000027c8e000000| Untracked 
| 140|0x0000027c90000000, 0x0000027c90000000, 0x0000027c92000000|  0%| F|  |TAMS 0x0000027c90000000, 0x0000027c90000000| Untracked 
| 141|0x0000027c92000000, 0x0000027c92000000, 0x0000027c94000000|  0%| F|  |TAMS 0x0000027c92000000, 0x0000027c92000000| Untracked 
| 142|0x0000027c94000000, 0x0000027c94000000, 0x0000027c96000000|  0%| F|  |TAMS 0x0000027c94000000, 0x0000027c94000000| Untracked 
| 143|0x0000027c96000000, 0x0000027c96000000, 0x0000027c98000000|  0%| F|  |TAMS 0x0000027c96000000, 0x0000027c96000000| Untracked 
| 144|0x0000027c98000000, 0x0000027c98000000, 0x0000027c9a000000|  0%| F|  |TAMS 0x0000027c98000000, 0x0000027c98000000| Untracked 
| 145|0x0000027c9a000000, 0x0000027c9a000000, 0x0000027c9c000000|  0%| F|  |TAMS 0x0000027c9a000000, 0x0000027c9a000000| Untracked 
| 146|0x0000027c9c000000, 0x0000027c9c000000, 0x0000027c9e000000|  0%| F|  |TAMS 0x0000027c9c000000, 0x0000027c9c000000| Untracked 
| 147|0x0000027c9e000000, 0x0000027c9e000000, 0x0000027ca0000000|  0%| F|  |TAMS 0x0000027c9e000000, 0x0000027c9e000000| Untracked 
| 148|0x0000027ca0000000, 0x0000027ca0000000, 0x0000027ca2000000|  0%| F|  |TAMS 0x0000027ca0000000, 0x0000027ca0000000| Untracked 
| 149|0x0000027ca2000000, 0x0000027ca2000000, 0x0000027ca4000000|  0%| F|  |TAMS 0x0000027ca2000000, 0x0000027ca2000000| Untracked 
| 150|0x0000027ca4000000, 0x0000027ca4000000, 0x0000027ca6000000|  0%| F|  |TAMS 0x0000027ca4000000, 0x0000027ca4000000| Untracked 
| 151|0x0000027ca6000000, 0x0000027ca6000000, 0x0000027ca8000000|  0%| F|  |TAMS 0x0000027ca6000000, 0x0000027ca6000000| Untracked 
| 152|0x0000027ca8000000, 0x0000027ca8000000, 0x0000027caa000000|  0%| F|  |TAMS 0x0000027ca8000000, 0x0000027ca8000000| Untracked 
| 153|0x0000027caa000000, 0x0000027caa000000, 0x0000027cac000000|  0%| F|  |TAMS 0x0000027caa000000, 0x0000027caa000000| Untracked 
| 154|0x0000027cac000000, 0x0000027cac000000, 0x0000027cae000000|  0%| F|  |TAMS 0x0000027cac000000, 0x0000027cac000000| Untracked 
| 155|0x0000027cae000000, 0x0000027cae000000, 0x0000027cb0000000|  0%| F|  |TAMS 0x0000027cae000000, 0x0000027cae000000| Untracked 
| 156|0x0000027cb0000000, 0x0000027cb0000000, 0x0000027cb2000000|  0%| F|  |TAMS 0x0000027cb0000000, 0x0000027cb0000000| Untracked 
| 157|0x0000027cb2000000, 0x0000027cb2000000, 0x0000027cb4000000|  0%| F|  |TAMS 0x0000027cb2000000, 0x0000027cb2000000| Untracked 
| 158|0x0000027cb4000000, 0x0000027cb4000000, 0x0000027cb6000000|  0%| F|  |TAMS 0x0000027cb4000000, 0x0000027cb4000000| Untracked 
| 159|0x0000027cb6000000, 0x0000027cb6000000, 0x0000027cb8000000|  0%| F|  |TAMS 0x0000027cb6000000, 0x0000027cb6000000| Untracked 
| 160|0x0000027cb8000000, 0x0000027cb8000000, 0x0000027cba000000|  0%| F|  |TAMS 0x0000027cb8000000, 0x0000027cb8000000| Untracked 
| 161|0x0000027cba000000, 0x0000027cba000000, 0x0000027cbc000000|  0%| F|  |TAMS 0x0000027cba000000, 0x0000027cba000000| Untracked 
| 162|0x0000027cbc000000, 0x0000027cbc000000, 0x0000027cbe000000|  0%| F|  |TAMS 0x0000027cbc000000, 0x0000027cbc000000| Untracked 
| 163|0x0000027cbe000000, 0x0000027cbe000000, 0x0000027cc0000000|  0%| F|  |TAMS 0x0000027cbe000000, 0x0000027cbe000000| Untracked 
| 164|0x0000027cc0000000, 0x0000027cc0000000, 0x0000027cc2000000|  0%| F|  |TAMS 0x0000027cc0000000, 0x0000027cc0000000| Untracked 
| 165|0x0000027cc2000000, 0x0000027cc2000000, 0x0000027cc4000000|  0%| F|  |TAMS 0x0000027cc2000000, 0x0000027cc2000000| Untracked 
| 166|0x0000027cc4000000, 0x0000027cc4000000, 0x0000027cc6000000|  0%| F|  |TAMS 0x0000027cc4000000, 0x0000027cc4000000| Untracked 
| 167|0x0000027cc6000000, 0x0000027cc6000000, 0x0000027cc8000000|  0%| F|  |TAMS 0x0000027cc6000000, 0x0000027cc6000000| Untracked 
| 168|0x0000027cc8000000, 0x0000027cc8000000, 0x0000027cca000000|  0%| F|  |TAMS 0x0000027cc8000000, 0x0000027cc8000000| Untracked 
| 169|0x0000027cca000000, 0x0000027cca000000, 0x0000027ccc000000|  0%| F|  |TAMS 0x0000027cca000000, 0x0000027cca000000| Untracked 
| 170|0x0000027ccc000000, 0x0000027ccc000000, 0x0000027cce000000|  0%| F|  |TAMS 0x0000027ccc000000, 0x0000027ccc000000| Untracked 
| 171|0x0000027cce000000, 0x0000027cce000000, 0x0000027cd0000000|  0%| F|  |TAMS 0x0000027cce000000, 0x0000027cce000000| Untracked 
| 172|0x0000027cd0000000, 0x0000027cd0000000, 0x0000027cd2000000|  0%| F|  |TAMS 0x0000027cd0000000, 0x0000027cd0000000| Untracked 
| 173|0x0000027cd2000000, 0x0000027cd2000000, 0x0000027cd4000000|  0%| F|  |TAMS 0x0000027cd2000000, 0x0000027cd2000000| Untracked 
| 174|0x0000027cd4000000, 0x0000027cd4000000, 0x0000027cd6000000|  0%| F|  |TAMS 0x0000027cd4000000, 0x0000027cd4000000| Untracked 
| 175|0x0000027cd6000000, 0x0000027cd6000000, 0x0000027cd8000000|  0%| F|  |TAMS 0x0000027cd6000000, 0x0000027cd6000000| Untracked 
| 176|0x0000027cd8000000, 0x0000027cd8000000, 0x0000027cda000000|  0%| F|  |TAMS 0x0000027cd8000000, 0x0000027cd8000000| Untracked 
| 177|0x0000027cda000000, 0x0000027cda000000, 0x0000027cdc000000|  0%| F|  |TAMS 0x0000027cda000000, 0x0000027cda000000| Untracked 
| 178|0x0000027cdc000000, 0x0000027cdc000000, 0x0000027cde000000|  0%| F|  |TAMS 0x0000027cdc000000, 0x0000027cdc000000| Untracked 
| 179|0x0000027cde000000, 0x0000027cde000000, 0x0000027ce0000000|  0%| F|  |TAMS 0x0000027cde000000, 0x0000027cde000000| Untracked 
| 180|0x0000027ce0000000, 0x0000027ce0000000, 0x0000027ce2000000|  0%| F|  |TAMS 0x0000027ce0000000, 0x0000027ce0000000| Untracked 
| 181|0x0000027ce2000000, 0x0000027ce2000000, 0x0000027ce4000000|  0%| F|  |TAMS 0x0000027ce2000000, 0x0000027ce2000000| Untracked 
| 182|0x0000027ce4000000, 0x0000027ce4000000, 0x0000027ce6000000|  0%| F|  |TAMS 0x0000027ce4000000, 0x0000027ce4000000| Untracked 
| 183|0x0000027ce6000000, 0x0000027ce6000000, 0x0000027ce8000000|  0%| F|  |TAMS 0x0000027ce6000000, 0x0000027ce6000000| Untracked 
| 184|0x0000027ce8000000, 0x0000027ce8000000, 0x0000027cea000000|  0%| F|  |TAMS 0x0000027ce8000000, 0x0000027ce8000000| Untracked 
| 185|0x0000027cea000000, 0x0000027cea000000, 0x0000027cec000000|  0%| F|  |TAMS 0x0000027cea000000, 0x0000027cea000000| Untracked 
| 186|0x0000027cec000000, 0x0000027cec000000, 0x0000027cee000000|  0%| F|  |TAMS 0x0000027cec000000, 0x0000027cec000000| Untracked 
| 187|0x0000027cee000000, 0x0000027cee000000, 0x0000027cf0000000|  0%| F|  |TAMS 0x0000027cee000000, 0x0000027cee000000| Untracked 
| 188|0x0000027cf0000000, 0x0000027cf0000000, 0x0000027cf2000000|  0%| F|  |TAMS 0x0000027cf0000000, 0x0000027cf0000000| Untracked 
| 189|0x0000027cf2000000, 0x0000027cf2000000, 0x0000027cf4000000|  0%| F|  |TAMS 0x0000027cf2000000, 0x0000027cf2000000| Untracked 
| 190|0x0000027cf4000000, 0x0000027cf4000000, 0x0000027cf6000000|  0%| F|  |TAMS 0x0000027cf4000000, 0x0000027cf4000000| Untracked 
| 191|0x0000027cf6000000, 0x0000027cf6000000, 0x0000027cf8000000|  0%| F|  |TAMS 0x0000027cf6000000, 0x0000027cf6000000| Untracked 
| 192|0x0000027cf8000000, 0x0000027cf8000000, 0x0000027cfa000000|  0%| F|  |TAMS 0x0000027cf8000000, 0x0000027cf8000000| Untracked 
| 193|0x0000027cfa000000, 0x0000027cfa000000, 0x0000027cfc000000|  0%| F|  |TAMS 0x0000027cfa000000, 0x0000027cfa000000| Untracked 
| 194|0x0000027cfc000000, 0x0000027cfc000000, 0x0000027cfe000000|  0%| F|  |TAMS 0x0000027cfc000000, 0x0000027cfc000000| Untracked 
| 195|0x0000027cfe000000, 0x0000027cfe000000, 0x0000027d00000000|  0%| F|  |TAMS 0x0000027cfe000000, 0x0000027cfe000000| Untracked 
| 196|0x0000027d00000000, 0x0000027d00000000, 0x0000027d02000000|  0%| F|  |TAMS 0x0000027d00000000, 0x0000027d00000000| Untracked 
| 197|0x0000027d02000000, 0x0000027d02000000, 0x0000027d04000000|  0%| F|  |TAMS 0x0000027d02000000, 0x0000027d02000000| Untracked 
| 198|0x0000027d04000000, 0x0000027d04000000, 0x0000027d06000000|  0%| F|  |TAMS 0x0000027d04000000, 0x0000027d04000000| Untracked 
| 199|0x0000027d06000000, 0x0000027d06000000, 0x0000027d08000000|  0%| F|  |TAMS 0x0000027d06000000, 0x0000027d06000000| Untracked 
| 200|0x0000027d08000000, 0x0000027d08000000, 0x0000027d0a000000|  0%| F|  |TAMS 0x0000027d08000000, 0x0000027d08000000| Untracked 
| 201|0x0000027d0a000000, 0x0000027d0a000000, 0x0000027d0c000000|  0%| F|  |TAMS 0x0000027d0a000000, 0x0000027d0a000000| Untracked 
| 202|0x0000027d0c000000, 0x0000027d0c000000, 0x0000027d0e000000|  0%| F|  |TAMS 0x0000027d0c000000, 0x0000027d0c000000| Untracked 
| 203|0x0000027d0e000000, 0x0000027d0e000000, 0x0000027d10000000|  0%| F|  |TAMS 0x0000027d0e000000, 0x0000027d0e000000| Untracked 
| 204|0x0000027d10000000, 0x0000027d10000000, 0x0000027d12000000|  0%| F|  |TAMS 0x0000027d10000000, 0x0000027d10000000| Untracked 
| 205|0x0000027d12000000, 0x0000027d12000000, 0x0000027d14000000|  0%| F|  |TAMS 0x0000027d12000000, 0x0000027d12000000| Untracked 
| 206|0x0000027d14000000, 0x0000027d14000000, 0x0000027d16000000|  0%| F|  |TAMS 0x0000027d14000000, 0x0000027d14000000| Untracked 
| 207|0x0000027d16000000, 0x0000027d16000000, 0x0000027d18000000|  0%| F|  |TAMS 0x0000027d16000000, 0x0000027d16000000| Untracked 
| 208|0x0000027d18000000, 0x0000027d18000000, 0x0000027d1a000000|  0%| F|  |TAMS 0x0000027d18000000, 0x0000027d18000000| Untracked 
| 209|0x0000027d1a000000, 0x0000027d1a000000, 0x0000027d1c000000|  0%| F|  |TAMS 0x0000027d1a000000, 0x0000027d1a000000| Untracked 
| 210|0x0000027d1c000000, 0x0000027d1c000000, 0x0000027d1e000000|  0%| F|  |TAMS 0x0000027d1c000000, 0x0000027d1c000000| Untracked 
| 211|0x0000027d1e000000, 0x0000027d1e000000, 0x0000027d20000000|  0%| F|  |TAMS 0x0000027d1e000000, 0x0000027d1e000000| Untracked 
| 212|0x0000027d20000000, 0x0000027d20000000, 0x0000027d22000000|  0%| F|  |TAMS 0x0000027d20000000, 0x0000027d20000000| Untracked 
| 213|0x0000027d22000000, 0x0000027d22000000, 0x0000027d24000000|  0%| F|  |TAMS 0x0000027d22000000, 0x0000027d22000000| Untracked 
| 214|0x0000027d24000000, 0x0000027d24000000, 0x0000027d26000000|  0%| F|  |TAMS 0x0000027d24000000, 0x0000027d24000000| Untracked 
| 215|0x0000027d26000000, 0x0000027d26000000, 0x0000027d28000000|  0%| F|  |TAMS 0x0000027d26000000, 0x0000027d26000000| Untracked 
| 216|0x0000027d28000000, 0x0000027d28000000, 0x0000027d2a000000|  0%| F|  |TAMS 0x0000027d28000000, 0x0000027d28000000| Untracked 
| 217|0x0000027d2a000000, 0x0000027d2a000000, 0x0000027d2c000000|  0%| F|  |TAMS 0x0000027d2a000000, 0x0000027d2a000000| Untracked 
| 218|0x0000027d2c000000, 0x0000027d2c000000, 0x0000027d2e000000|  0%| F|  |TAMS 0x0000027d2c000000, 0x0000027d2c000000| Untracked 
| 219|0x0000027d2e000000, 0x0000027d2e000000, 0x0000027d30000000|  0%| F|  |TAMS 0x0000027d2e000000, 0x0000027d2e000000| Untracked 
| 220|0x0000027d30000000, 0x0000027d30000000, 0x0000027d32000000|  0%| F|  |TAMS 0x0000027d30000000, 0x0000027d30000000| Untracked 
| 221|0x0000027d32000000, 0x0000027d32000000, 0x0000027d34000000|  0%| F|  |TAMS 0x0000027d32000000, 0x0000027d32000000| Untracked 
| 222|0x0000027d34000000, 0x0000027d34000000, 0x0000027d36000000|  0%| F|  |TAMS 0x0000027d34000000, 0x0000027d34000000| Untracked 
| 223|0x0000027d36000000, 0x0000027d36000000, 0x0000027d38000000|  0%| F|  |TAMS 0x0000027d36000000, 0x0000027d36000000| Untracked 
| 224|0x0000027d38000000, 0x0000027d38000000, 0x0000027d3a000000|  0%| F|  |TAMS 0x0000027d38000000, 0x0000027d38000000| Untracked 
| 225|0x0000027d3a000000, 0x0000027d3a000000, 0x0000027d3c000000|  0%| F|  |TAMS 0x0000027d3a000000, 0x0000027d3a000000| Untracked 
| 226|0x0000027d3c000000, 0x0000027d3c000000, 0x0000027d3e000000|  0%| F|  |TAMS 0x0000027d3c000000, 0x0000027d3c000000| Untracked 
| 227|0x0000027d3e000000, 0x0000027d3e000000, 0x0000027d40000000|  0%| F|  |TAMS 0x0000027d3e000000, 0x0000027d3e000000| Untracked 
| 228|0x0000027d40000000, 0x0000027d40000000, 0x0000027d42000000|  0%| F|  |TAMS 0x0000027d40000000, 0x0000027d40000000| Untracked 
| 229|0x0000027d42000000, 0x0000027d42000000, 0x0000027d44000000|  0%| F|  |TAMS 0x0000027d42000000, 0x0000027d42000000| Untracked 
| 230|0x0000027d44000000, 0x0000027d44000000, 0x0000027d46000000|  0%| F|  |TAMS 0x0000027d44000000, 0x0000027d44000000| Untracked 
| 231|0x0000027d46000000, 0x0000027d46000000, 0x0000027d48000000|  0%| F|  |TAMS 0x0000027d46000000, 0x0000027d46000000| Untracked 
| 232|0x0000027d48000000, 0x0000027d48000000, 0x0000027d4a000000|  0%| F|  |TAMS 0x0000027d48000000, 0x0000027d48000000| Untracked 
| 233|0x0000027d4a000000, 0x0000027d4a000000, 0x0000027d4c000000|  0%| F|  |TAMS 0x0000027d4a000000, 0x0000027d4a000000| Untracked 
| 234|0x0000027d4c000000, 0x0000027d4c000000, 0x0000027d4e000000|  0%| F|  |TAMS 0x0000027d4c000000, 0x0000027d4c000000| Untracked 
| 235|0x0000027d4e000000, 0x0000027d4e000000, 0x0000027d50000000|  0%| F|  |TAMS 0x0000027d4e000000, 0x0000027d4e000000| Untracked 
| 236|0x0000027d50000000, 0x0000027d50000000, 0x0000027d52000000|  0%| F|  |TAMS 0x0000027d50000000, 0x0000027d50000000| Untracked 
| 237|0x0000027d52000000, 0x0000027d52000000, 0x0000027d54000000|  0%| F|  |TAMS 0x0000027d52000000, 0x0000027d52000000| Untracked 
| 238|0x0000027d54000000, 0x0000027d54000000, 0x0000027d56000000|  0%| F|  |TAMS 0x0000027d54000000, 0x0000027d54000000| Untracked 
| 239|0x0000027d56000000, 0x0000027d56000000, 0x0000027d58000000|  0%| F|  |TAMS 0x0000027d56000000, 0x0000027d56000000| Untracked 
| 240|0x0000027d58000000, 0x0000027d58000000, 0x0000027d5a000000|  0%| F|  |TAMS 0x0000027d58000000, 0x0000027d58000000| Untracked 
| 241|0x0000027d5a000000, 0x0000027d5a000000, 0x0000027d5c000000|  0%| F|  |TAMS 0x0000027d5a000000, 0x0000027d5a000000| Untracked 
| 242|0x0000027d5c000000, 0x0000027d5c000000, 0x0000027d5e000000|  0%| F|  |TAMS 0x0000027d5c000000, 0x0000027d5c000000| Untracked 
| 243|0x0000027d5e000000, 0x0000027d5e000000, 0x0000027d60000000|  0%| F|  |TAMS 0x0000027d5e000000, 0x0000027d5e000000| Untracked 
| 244|0x0000027d60000000, 0x0000027d60000000, 0x0000027d62000000|  0%| F|  |TAMS 0x0000027d60000000, 0x0000027d60000000| Untracked 
| 245|0x0000027d62000000, 0x0000027d62000000, 0x0000027d64000000|  0%| F|  |TAMS 0x0000027d62000000, 0x0000027d62000000| Untracked 
| 246|0x0000027d64000000, 0x0000027d64000000, 0x0000027d66000000|  0%| F|  |TAMS 0x0000027d64000000, 0x0000027d64000000| Untracked 
| 247|0x0000027d66000000, 0x0000027d66000000, 0x0000027d68000000|  0%| F|  |TAMS 0x0000027d66000000, 0x0000027d66000000| Untracked 
| 248|0x0000027d68000000, 0x0000027d68000000, 0x0000027d6a000000|  0%| F|  |TAMS 0x0000027d68000000, 0x0000027d68000000| Untracked 
| 249|0x0000027d6a000000, 0x0000027d6a000000, 0x0000027d6c000000|  0%| F|  |TAMS 0x0000027d6a000000, 0x0000027d6a000000| Untracked 
| 250|0x0000027d6c000000, 0x0000027d6c000000, 0x0000027d6e000000|  0%| F|  |TAMS 0x0000027d6c000000, 0x0000027d6c000000| Untracked 
| 251|0x0000027d6e000000, 0x0000027d6e000000, 0x0000027d70000000|  0%| F|  |TAMS 0x0000027d6e000000, 0x0000027d6e000000| Untracked 
| 252|0x0000027d70000000, 0x0000027d70000000, 0x0000027d72000000|  0%| F|  |TAMS 0x0000027d70000000, 0x0000027d70000000| Untracked 
| 253|0x0000027d72000000, 0x0000027d72000000, 0x0000027d74000000|  0%| F|  |TAMS 0x0000027d72000000, 0x0000027d72000000| Untracked 
| 254|0x0000027d74000000, 0x0000027d74000000, 0x0000027d76000000|  0%| F|  |TAMS 0x0000027d74000000, 0x0000027d74000000| Untracked 
| 255|0x0000027d76000000, 0x0000027d76000000, 0x0000027d78000000|  0%| F|  |TAMS 0x0000027d76000000, 0x0000027d76000000| Untracked 
| 256|0x0000027d78000000, 0x0000027d78000000, 0x0000027d7a000000|  0%| F|  |TAMS 0x0000027d78000000, 0x0000027d78000000| Untracked 
| 257|0x0000027d7a000000, 0x0000027d7a000000, 0x0000027d7c000000|  0%| F|  |TAMS 0x0000027d7a000000, 0x0000027d7a000000| Untracked 
| 258|0x0000027d7c000000, 0x0000027d7c000000, 0x0000027d7e000000|  0%| F|  |TAMS 0x0000027d7c000000, 0x0000027d7c000000| Untracked 
| 259|0x0000027d7e000000, 0x0000027d7e000000, 0x0000027d80000000|  0%| F|  |TAMS 0x0000027d7e000000, 0x0000027d7e000000| Untracked 
| 260|0x0000027d80000000, 0x0000027d80000000, 0x0000027d82000000|  0%| F|  |TAMS 0x0000027d80000000, 0x0000027d80000000| Untracked 
| 261|0x0000027d82000000, 0x0000027d82000000, 0x0000027d84000000|  0%| F|  |TAMS 0x0000027d82000000, 0x0000027d82000000| Untracked 
| 262|0x0000027d84000000, 0x0000027d84000000, 0x0000027d86000000|  0%| F|  |TAMS 0x0000027d84000000, 0x0000027d84000000| Untracked 
| 263|0x0000027d86000000, 0x0000027d86000000, 0x0000027d88000000|  0%| F|  |TAMS 0x0000027d86000000, 0x0000027d86000000| Untracked 
| 264|0x0000027d88000000, 0x0000027d88000000, 0x0000027d8a000000|  0%| F|  |TAMS 0x0000027d88000000, 0x0000027d88000000| Untracked 
| 265|0x0000027d8a000000, 0x0000027d8a000000, 0x0000027d8c000000|  0%| F|  |TAMS 0x0000027d8a000000, 0x0000027d8a000000| Untracked 
| 266|0x0000027d8c000000, 0x0000027d8c000000, 0x0000027d8e000000|  0%| F|  |TAMS 0x0000027d8c000000, 0x0000027d8c000000| Untracked 
| 267|0x0000027d8e000000, 0x0000027d8e000000, 0x0000027d90000000|  0%| F|  |TAMS 0x0000027d8e000000, 0x0000027d8e000000| Untracked 
| 268|0x0000027d90000000, 0x0000027d90000000, 0x0000027d92000000|  0%| F|  |TAMS 0x0000027d90000000, 0x0000027d90000000| Untracked 
| 269|0x0000027d92000000, 0x0000027d92000000, 0x0000027d94000000|  0%| F|  |TAMS 0x0000027d92000000, 0x0000027d92000000| Untracked 
| 270|0x0000027d94000000, 0x0000027d94000000, 0x0000027d96000000|  0%| F|  |TAMS 0x0000027d94000000, 0x0000027d94000000| Untracked 
| 271|0x0000027d96000000, 0x0000027d96000000, 0x0000027d98000000|  0%| F|  |TAMS 0x0000027d96000000, 0x0000027d96000000| Untracked 
| 272|0x0000027d98000000, 0x0000027d98000000, 0x0000027d9a000000|  0%| F|  |TAMS 0x0000027d98000000, 0x0000027d98000000| Untracked 
| 273|0x0000027d9a000000, 0x0000027d9a000000, 0x0000027d9c000000|  0%| F|  |TAMS 0x0000027d9a000000, 0x0000027d9a000000| Untracked 
| 274|0x0000027d9c000000, 0x0000027d9c000000, 0x0000027d9e000000|  0%| F|  |TAMS 0x0000027d9c000000, 0x0000027d9c000000| Untracked 
| 275|0x0000027d9e000000, 0x0000027d9e000000, 0x0000027da0000000|  0%| F|  |TAMS 0x0000027d9e000000, 0x0000027d9e000000| Untracked 
| 276|0x0000027da0000000, 0x0000027da0000000, 0x0000027da2000000|  0%| F|  |TAMS 0x0000027da0000000, 0x0000027da0000000| Untracked 
| 277|0x0000027da2000000, 0x0000027da2000000, 0x0000027da4000000|  0%| F|  |TAMS 0x0000027da2000000, 0x0000027da2000000| Untracked 
| 278|0x0000027da4000000, 0x0000027da4000000, 0x0000027da6000000|  0%| F|  |TAMS 0x0000027da4000000, 0x0000027da4000000| Untracked 
| 279|0x0000027da6000000, 0x0000027da6000000, 0x0000027da8000000|  0%| F|  |TAMS 0x0000027da6000000, 0x0000027da6000000| Untracked 
| 280|0x0000027da8000000, 0x0000027da8000000, 0x0000027daa000000|  0%| F|  |TAMS 0x0000027da8000000, 0x0000027da8000000| Untracked 
| 281|0x0000027daa000000, 0x0000027daa000000, 0x0000027dac000000|  0%| F|  |TAMS 0x0000027daa000000, 0x0000027daa000000| Untracked 
| 282|0x0000027dac000000, 0x0000027dac000000, 0x0000027dae000000|  0%| F|  |TAMS 0x0000027dac000000, 0x0000027dac000000| Untracked 
| 283|0x0000027dae000000, 0x0000027dae000000, 0x0000027db0000000|  0%| F|  |TAMS 0x0000027dae000000, 0x0000027dae000000| Untracked 
| 284|0x0000027db0000000, 0x0000027db0000000, 0x0000027db2000000|  0%| F|  |TAMS 0x0000027db0000000, 0x0000027db0000000| Untracked 
| 285|0x0000027db2000000, 0x0000027db2000000, 0x0000027db4000000|  0%| F|  |TAMS 0x0000027db2000000, 0x0000027db2000000| Untracked 
| 286|0x0000027db4000000, 0x0000027db4000000, 0x0000027db6000000|  0%| F|  |TAMS 0x0000027db4000000, 0x0000027db4000000| Untracked 
| 287|0x0000027db6000000, 0x0000027db6000000, 0x0000027db8000000|  0%| F|  |TAMS 0x0000027db6000000, 0x0000027db6000000| Untracked 
| 288|0x0000027db8000000, 0x0000027db8000000, 0x0000027dba000000|  0%| F|  |TAMS 0x0000027db8000000, 0x0000027db8000000| Untracked 
| 289|0x0000027dba000000, 0x0000027dba000000, 0x0000027dbc000000|  0%| F|  |TAMS 0x0000027dba000000, 0x0000027dba000000| Untracked 
| 290|0x0000027dbc000000, 0x0000027dbc000000, 0x0000027dbe000000|  0%| F|  |TAMS 0x0000027dbc000000, 0x0000027dbc000000| Untracked 
| 291|0x0000027dbe000000, 0x0000027dbe000000, 0x0000027dc0000000|  0%| F|  |TAMS 0x0000027dbe000000, 0x0000027dbe000000| Untracked 
| 292|0x0000027dc0000000, 0x0000027dc0000000, 0x0000027dc2000000|  0%| F|  |TAMS 0x0000027dc0000000, 0x0000027dc0000000| Untracked 
| 293|0x0000027dc2000000, 0x0000027dc2000000, 0x0000027dc4000000|  0%| F|  |TAMS 0x0000027dc2000000, 0x0000027dc2000000| Untracked 
| 294|0x0000027dc4000000, 0x0000027dc4000000, 0x0000027dc6000000|  0%| F|  |TAMS 0x0000027dc4000000, 0x0000027dc4000000| Untracked 
| 295|0x0000027dc6000000, 0x0000027dc6000000, 0x0000027dc8000000|  0%| F|  |TAMS 0x0000027dc6000000, 0x0000027dc6000000| Untracked 
| 296|0x0000027dc8000000, 0x0000027dc8000000, 0x0000027dca000000|  0%| F|  |TAMS 0x0000027dc8000000, 0x0000027dc8000000| Untracked 
| 297|0x0000027dca000000, 0x0000027dca000000, 0x0000027dcc000000|  0%| F|  |TAMS 0x0000027dca000000, 0x0000027dca000000| Untracked 
| 298|0x0000027dcc000000, 0x0000027dcc000000, 0x0000027dce000000|  0%| F|  |TAMS 0x0000027dcc000000, 0x0000027dcc000000| Untracked 
| 299|0x0000027dce000000, 0x0000027dce000000, 0x0000027dd0000000|  0%| F|  |TAMS 0x0000027dce000000, 0x0000027dce000000| Untracked 
| 300|0x0000027dd0000000, 0x0000027dd0000000, 0x0000027dd2000000|  0%| F|  |TAMS 0x0000027dd0000000, 0x0000027dd0000000| Untracked 
| 301|0x0000027dd2000000, 0x0000027dd2000000, 0x0000027dd4000000|  0%| F|  |TAMS 0x0000027dd2000000, 0x0000027dd2000000| Untracked 
| 302|0x0000027dd4000000, 0x0000027dd4000000, 0x0000027dd6000000|  0%| F|  |TAMS 0x0000027dd4000000, 0x0000027dd4000000| Untracked 
| 303|0x0000027dd6000000, 0x0000027dd6000000, 0x0000027dd8000000|  0%| F|  |TAMS 0x0000027dd6000000, 0x0000027dd6000000| Untracked 
| 304|0x0000027dd8000000, 0x0000027dd8000000, 0x0000027dda000000|  0%| F|  |TAMS 0x0000027dd8000000, 0x0000027dd8000000| Untracked 
| 305|0x0000027dda000000, 0x0000027dda000000, 0x0000027ddc000000|  0%| F|  |TAMS 0x0000027dda000000, 0x0000027dda000000| Untracked 
| 306|0x0000027ddc000000, 0x0000027ddc000000, 0x0000027dde000000|  0%| F|  |TAMS 0x0000027ddc000000, 0x0000027ddc000000| Untracked 
| 307|0x0000027dde000000, 0x0000027dde000000, 0x0000027de0000000|  0%| F|  |TAMS 0x0000027dde000000, 0x0000027dde000000| Untracked 
| 308|0x0000027de0000000, 0x0000027de0000000, 0x0000027de2000000|  0%| F|  |TAMS 0x0000027de0000000, 0x0000027de0000000| Untracked 
| 309|0x0000027de2000000, 0x0000027de2000000, 0x0000027de4000000|  0%| F|  |TAMS 0x0000027de2000000, 0x0000027de2000000| Untracked 
| 310|0x0000027de4000000, 0x0000027de4000000, 0x0000027de6000000|  0%| F|  |TAMS 0x0000027de4000000, 0x0000027de4000000| Untracked 
| 311|0x0000027de6000000, 0x0000027de6000000, 0x0000027de8000000|  0%| F|  |TAMS 0x0000027de6000000, 0x0000027de6000000| Untracked 
| 312|0x0000027de8000000, 0x0000027de8000000, 0x0000027dea000000|  0%| F|  |TAMS 0x0000027de8000000, 0x0000027de8000000| Untracked 
| 313|0x0000027dea000000, 0x0000027dea000000, 0x0000027dec000000|  0%| F|  |TAMS 0x0000027dea000000, 0x0000027dea000000| Untracked 
| 314|0x0000027dec000000, 0x0000027dec000000, 0x0000027dee000000|  0%| F|  |TAMS 0x0000027dec000000, 0x0000027dec000000| Untracked 
| 315|0x0000027dee000000, 0x0000027dee000000, 0x0000027df0000000|  0%| F|  |TAMS 0x0000027dee000000, 0x0000027dee000000| Untracked 
| 316|0x0000027df0000000, 0x0000027df0000000, 0x0000027df2000000|  0%| F|  |TAMS 0x0000027df0000000, 0x0000027df0000000| Untracked 
| 317|0x0000027df2000000, 0x0000027df2000000, 0x0000027df4000000|  0%| F|  |TAMS 0x0000027df2000000, 0x0000027df2000000| Untracked 
| 318|0x0000027df4000000, 0x0000027df4000000, 0x0000027df6000000|  0%| F|  |TAMS 0x0000027df4000000, 0x0000027df4000000| Untracked 
| 319|0x0000027df6000000, 0x0000027df6000000, 0x0000027df8000000|  0%| F|  |TAMS 0x0000027df6000000, 0x0000027df6000000| Untracked 
| 320|0x0000027df8000000, 0x0000027df8000000, 0x0000027dfa000000|  0%| F|  |TAMS 0x0000027df8000000, 0x0000027df8000000| Untracked 
| 321|0x0000027dfa000000, 0x0000027dfa000000, 0x0000027dfc000000|  0%| F|  |TAMS 0x0000027dfa000000, 0x0000027dfa000000| Untracked 
| 322|0x0000027dfc000000, 0x0000027dfc000000, 0x0000027dfe000000|  0%| F|  |TAMS 0x0000027dfc000000, 0x0000027dfc000000| Untracked 
| 323|0x0000027dfe000000, 0x0000027dfe000000, 0x0000027e00000000|  0%| F|  |TAMS 0x0000027dfe000000, 0x0000027dfe000000| Untracked 
| 324|0x0000027e00000000, 0x0000027e00000000, 0x0000027e02000000|  0%| F|  |TAMS 0x0000027e00000000, 0x0000027e00000000| Untracked 
| 325|0x0000027e02000000, 0x0000027e02000000, 0x0000027e04000000|  0%| F|  |TAMS 0x0000027e02000000, 0x0000027e02000000| Untracked 
| 326|0x0000027e04000000, 0x0000027e04000000, 0x0000027e06000000|  0%| F|  |TAMS 0x0000027e04000000, 0x0000027e04000000| Untracked 
| 327|0x0000027e06000000, 0x0000027e06000000, 0x0000027e08000000|  0%| F|  |TAMS 0x0000027e06000000, 0x0000027e06000000| Untracked 
| 328|0x0000027e08000000, 0x0000027e08000000, 0x0000027e0a000000|  0%| F|  |TAMS 0x0000027e08000000, 0x0000027e08000000| Untracked 
| 329|0x0000027e0a000000, 0x0000027e0a000000, 0x0000027e0c000000|  0%| F|  |TAMS 0x0000027e0a000000, 0x0000027e0a000000| Untracked 
| 330|0x0000027e0c000000, 0x0000027e0c000000, 0x0000027e0e000000|  0%| F|  |TAMS 0x0000027e0c000000, 0x0000027e0c000000| Untracked 
| 331|0x0000027e0e000000, 0x0000027e0e000000, 0x0000027e10000000|  0%| F|  |TAMS 0x0000027e0e000000, 0x0000027e0e000000| Untracked 
| 332|0x0000027e10000000, 0x0000027e10000000, 0x0000027e12000000|  0%| F|  |TAMS 0x0000027e10000000, 0x0000027e10000000| Untracked 
| 333|0x0000027e12000000, 0x0000027e12000000, 0x0000027e14000000|  0%| F|  |TAMS 0x0000027e12000000, 0x0000027e12000000| Untracked 
| 334|0x0000027e14000000, 0x0000027e14000000, 0x0000027e16000000|  0%| F|  |TAMS 0x0000027e14000000, 0x0000027e14000000| Untracked 
| 335|0x0000027e16000000, 0x0000027e16000000, 0x0000027e18000000|  0%| F|  |TAMS 0x0000027e16000000, 0x0000027e16000000| Untracked 
| 336|0x0000027e18000000, 0x0000027e18000000, 0x0000027e1a000000|  0%| F|  |TAMS 0x0000027e18000000, 0x0000027e18000000| Untracked 
| 337|0x0000027e1a000000, 0x0000027e1a000000, 0x0000027e1c000000|  0%| F|  |TAMS 0x0000027e1a000000, 0x0000027e1a000000| Untracked 
| 338|0x0000027e1c000000, 0x0000027e1c000000, 0x0000027e1e000000|  0%| F|  |TAMS 0x0000027e1c000000, 0x0000027e1c000000| Untracked 
| 339|0x0000027e1e000000, 0x0000027e1e000000, 0x0000027e20000000|  0%| F|  |TAMS 0x0000027e1e000000, 0x0000027e1e000000| Untracked 
| 340|0x0000027e20000000, 0x0000027e20000000, 0x0000027e22000000|  0%| F|  |TAMS 0x0000027e20000000, 0x0000027e20000000| Untracked 
| 341|0x0000027e22000000, 0x0000027e22000000, 0x0000027e24000000|  0%| F|  |TAMS 0x0000027e22000000, 0x0000027e22000000| Untracked 
| 342|0x0000027e24000000, 0x0000027e24000000, 0x0000027e26000000|  0%| F|  |TAMS 0x0000027e24000000, 0x0000027e24000000| Untracked 
| 343|0x0000027e26000000, 0x0000027e26000000, 0x0000027e28000000|  0%| F|  |TAMS 0x0000027e26000000, 0x0000027e26000000| Untracked 
| 344|0x0000027e28000000, 0x0000027e28000000, 0x0000027e2a000000|  0%| F|  |TAMS 0x0000027e28000000, 0x0000027e28000000| Untracked 
| 345|0x0000027e2a000000, 0x0000027e2a000000, 0x0000027e2c000000|  0%| F|  |TAMS 0x0000027e2a000000, 0x0000027e2a000000| Untracked 
| 346|0x0000027e2c000000, 0x0000027e2c000000, 0x0000027e2e000000|  0%| F|  |TAMS 0x0000027e2c000000, 0x0000027e2c000000| Untracked 
| 347|0x0000027e2e000000, 0x0000027e2e000000, 0x0000027e30000000|  0%| F|  |TAMS 0x0000027e2e000000, 0x0000027e2e000000| Untracked 
| 348|0x0000027e30000000, 0x0000027e30000000, 0x0000027e32000000|  0%| F|  |TAMS 0x0000027e30000000, 0x0000027e30000000| Untracked 
| 349|0x0000027e32000000, 0x0000027e32000000, 0x0000027e34000000|  0%| F|  |TAMS 0x0000027e32000000, 0x0000027e32000000| Untracked 
| 350|0x0000027e34000000, 0x0000027e34000000, 0x0000027e36000000|  0%| F|  |TAMS 0x0000027e34000000, 0x0000027e34000000| Untracked 
| 351|0x0000027e36000000, 0x0000027e36000000, 0x0000027e38000000|  0%| F|  |TAMS 0x0000027e36000000, 0x0000027e36000000| Untracked 
| 352|0x0000027e38000000, 0x0000027e38000000, 0x0000027e3a000000|  0%| F|  |TAMS 0x0000027e38000000, 0x0000027e38000000| Untracked 
| 353|0x0000027e3a000000, 0x0000027e3a000000, 0x0000027e3c000000|  0%| F|  |TAMS 0x0000027e3a000000, 0x0000027e3a000000| Untracked 
| 354|0x0000027e3c000000, 0x0000027e3c000000, 0x0000027e3e000000|  0%| F|  |TAMS 0x0000027e3c000000, 0x0000027e3c000000| Untracked 
| 355|0x0000027e3e000000, 0x0000027e3e000000, 0x0000027e40000000|  0%| F|  |TAMS 0x0000027e3e000000, 0x0000027e3e000000| Untracked 
| 356|0x0000027e40000000, 0x0000027e40000000, 0x0000027e42000000|  0%| F|  |TAMS 0x0000027e40000000, 0x0000027e40000000| Untracked 
| 357|0x0000027e42000000, 0x0000027e42000000, 0x0000027e44000000|  0%| F|  |TAMS 0x0000027e42000000, 0x0000027e42000000| Untracked 
| 358|0x0000027e44000000, 0x0000027e44000000, 0x0000027e46000000|  0%| F|  |TAMS 0x0000027e44000000, 0x0000027e44000000| Untracked 
| 359|0x0000027e46000000, 0x0000027e46000000, 0x0000027e48000000|  0%| F|  |TAMS 0x0000027e46000000, 0x0000027e46000000| Untracked 
| 360|0x0000027e48000000, 0x0000027e48000000, 0x0000027e4a000000|  0%| F|  |TAMS 0x0000027e48000000, 0x0000027e48000000| Untracked 
| 361|0x0000027e4a000000, 0x0000027e4a000000, 0x0000027e4c000000|  0%| F|  |TAMS 0x0000027e4a000000, 0x0000027e4a000000| Untracked 
| 362|0x0000027e4c000000, 0x0000027e4c000000, 0x0000027e4e000000|  0%| F|  |TAMS 0x0000027e4c000000, 0x0000027e4c000000| Untracked 
| 363|0x0000027e4e000000, 0x0000027e4e000000, 0x0000027e50000000|  0%| F|  |TAMS 0x0000027e4e000000, 0x0000027e4e000000| Untracked 
| 364|0x0000027e50000000, 0x0000027e50000000, 0x0000027e52000000|  0%| F|  |TAMS 0x0000027e50000000, 0x0000027e50000000| Untracked 
| 365|0x0000027e52000000, 0x0000027e52000000, 0x0000027e54000000|  0%| F|  |TAMS 0x0000027e52000000, 0x0000027e52000000| Untracked 
| 366|0x0000027e54000000, 0x0000027e54000000, 0x0000027e56000000|  0%| F|  |TAMS 0x0000027e54000000, 0x0000027e54000000| Untracked 
| 367|0x0000027e56000000, 0x0000027e56000000, 0x0000027e58000000|  0%| F|  |TAMS 0x0000027e56000000, 0x0000027e56000000| Untracked 
| 368|0x0000027e58000000, 0x0000027e58000000, 0x0000027e5a000000|  0%| F|  |TAMS 0x0000027e58000000, 0x0000027e58000000| Untracked 
| 369|0x0000027e5a000000, 0x0000027e5a000000, 0x0000027e5c000000|  0%| F|  |TAMS 0x0000027e5a000000, 0x0000027e5a000000| Untracked 
| 370|0x0000027e5c000000, 0x0000027e5c000000, 0x0000027e5e000000|  0%| F|  |TAMS 0x0000027e5c000000, 0x0000027e5c000000| Untracked 
| 371|0x0000027e5e000000, 0x0000027e5e000000, 0x0000027e60000000|  0%| F|  |TAMS 0x0000027e5e000000, 0x0000027e5e000000| Untracked 
| 372|0x0000027e60000000, 0x0000027e60000000, 0x0000027e62000000|  0%| F|  |TAMS 0x0000027e60000000, 0x0000027e60000000| Untracked 
| 373|0x0000027e62000000, 0x0000027e62000000, 0x0000027e64000000|  0%| F|  |TAMS 0x0000027e62000000, 0x0000027e62000000| Untracked 
| 374|0x0000027e64000000, 0x0000027e64000000, 0x0000027e66000000|  0%| F|  |TAMS 0x0000027e64000000, 0x0000027e64000000| Untracked 
| 375|0x0000027e66000000, 0x0000027e66000000, 0x0000027e68000000|  0%| F|  |TAMS 0x0000027e66000000, 0x0000027e66000000| Untracked 
| 376|0x0000027e68000000, 0x0000027e68000000, 0x0000027e6a000000|  0%| F|  |TAMS 0x0000027e68000000, 0x0000027e68000000| Untracked 
| 377|0x0000027e6a000000, 0x0000027e6a000000, 0x0000027e6c000000|  0%| F|  |TAMS 0x0000027e6a000000, 0x0000027e6a000000| Untracked 
| 378|0x0000027e6c000000, 0x0000027e6c000000, 0x0000027e6e000000|  0%| F|  |TAMS 0x0000027e6c000000, 0x0000027e6c000000| Untracked 
| 379|0x0000027e6e000000, 0x0000027e6e000000, 0x0000027e70000000|  0%| F|  |TAMS 0x0000027e6e000000, 0x0000027e6e000000| Untracked 
| 380|0x0000027e70000000, 0x0000027e70000000, 0x0000027e72000000|  0%| F|  |TAMS 0x0000027e70000000, 0x0000027e70000000| Untracked 
| 381|0x0000027e72000000, 0x0000027e72000000, 0x0000027e74000000|  0%| F|  |TAMS 0x0000027e72000000, 0x0000027e72000000| Untracked 
| 382|0x0000027e74000000, 0x0000027e74000000, 0x0000027e76000000|  0%| F|  |TAMS 0x0000027e74000000, 0x0000027e74000000| Untracked 
| 383|0x0000027e76000000, 0x0000027e76000000, 0x0000027e78000000|  0%| F|  |TAMS 0x0000027e76000000, 0x0000027e76000000| Untracked 
| 384|0x0000027e78000000, 0x0000027e78000000, 0x0000027e7a000000|  0%| F|  |TAMS 0x0000027e78000000, 0x0000027e78000000| Untracked 
| 385|0x0000027e7a000000, 0x0000027e7a000000, 0x0000027e7c000000|  0%| F|  |TAMS 0x0000027e7a000000, 0x0000027e7a000000| Untracked 
| 386|0x0000027e7c000000, 0x0000027e7c000000, 0x0000027e7e000000|  0%| F|  |TAMS 0x0000027e7c000000, 0x0000027e7c000000| Untracked 
| 387|0x0000027e7e000000, 0x0000027e7e000000, 0x0000027e80000000|  0%| F|  |TAMS 0x0000027e7e000000, 0x0000027e7e000000| Untracked 
| 388|0x0000027e80000000, 0x0000027e80000000, 0x0000027e82000000|  0%| F|  |TAMS 0x0000027e80000000, 0x0000027e80000000| Untracked 
| 389|0x0000027e82000000, 0x0000027e82000000, 0x0000027e84000000|  0%| F|  |TAMS 0x0000027e82000000, 0x0000027e82000000| Untracked 
| 390|0x0000027e84000000, 0x0000027e84000000, 0x0000027e86000000|  0%| F|  |TAMS 0x0000027e84000000, 0x0000027e84000000| Untracked 
| 391|0x0000027e86000000, 0x0000027e86000000, 0x0000027e88000000|  0%| F|  |TAMS 0x0000027e86000000, 0x0000027e86000000| Untracked 
| 392|0x0000027e88000000, 0x0000027e88000000, 0x0000027e8a000000|  0%| F|  |TAMS 0x0000027e88000000, 0x0000027e88000000| Untracked 
| 393|0x0000027e8a000000, 0x0000027e8a000000, 0x0000027e8c000000|  0%| F|  |TAMS 0x0000027e8a000000, 0x0000027e8a000000| Untracked 
| 394|0x0000027e8c000000, 0x0000027e8c000000, 0x0000027e8e000000|  0%| F|  |TAMS 0x0000027e8c000000, 0x0000027e8c000000| Untracked 
| 395|0x0000027e8e000000, 0x0000027e8e000000, 0x0000027e90000000|  0%| F|  |TAMS 0x0000027e8e000000, 0x0000027e8e000000| Untracked 
| 396|0x0000027e90000000, 0x0000027e90000000, 0x0000027e92000000|  0%| F|  |TAMS 0x0000027e90000000, 0x0000027e90000000| Untracked 
| 397|0x0000027e92000000, 0x0000027e92000000, 0x0000027e94000000|  0%| F|  |TAMS 0x0000027e92000000, 0x0000027e92000000| Untracked 
| 398|0x0000027e94000000, 0x0000027e955907b0, 0x0000027e96000000| 67%| S|CS|TAMS 0x0000027e94000000, 0x0000027e94000000| Complete 
| 399|0x0000027e96000000, 0x0000027e96000000, 0x0000027e98000000|  0%| F|  |TAMS 0x0000027e96000000, 0x0000027e96000000| Untracked 
| 400|0x0000027e98000000, 0x0000027e98000000, 0x0000027e9a000000|  0%| F|  |TAMS 0x0000027e98000000, 0x0000027e98000000| Untracked 
| 401|0x0000027e9a000000, 0x0000027e9a000000, 0x0000027e9c000000|  0%| F|  |TAMS 0x0000027e9a000000, 0x0000027e9a000000| Untracked 
| 402|0x0000027e9c000000, 0x0000027e9c000000, 0x0000027e9e000000|  0%| F|  |TAMS 0x0000027e9c000000, 0x0000027e9c000000| Untracked 
| 403|0x0000027e9e000000, 0x0000027e9e000000, 0x0000027ea0000000|  0%| F|  |TAMS 0x0000027e9e000000, 0x0000027e9e000000| Untracked 
| 404|0x0000027ea0000000, 0x0000027ea0000000, 0x0000027ea2000000|  0%| F|  |TAMS 0x0000027ea0000000, 0x0000027ea0000000| Untracked 
| 405|0x0000027ea2000000, 0x0000027ea2000000, 0x0000027ea4000000|  0%| F|  |TAMS 0x0000027ea2000000, 0x0000027ea2000000| Untracked 
| 406|0x0000027ea4000000, 0x0000027ea4000000, 0x0000027ea6000000|  0%| F|  |TAMS 0x0000027ea4000000, 0x0000027ea4000000| Untracked 
| 407|0x0000027ea6000000, 0x0000027ea6000000, 0x0000027ea8000000|  0%| F|  |TAMS 0x0000027ea6000000, 0x0000027ea6000000| Untracked 
| 408|0x0000027ea8000000, 0x0000027ea8000000, 0x0000027eaa000000|  0%| F|  |TAMS 0x0000027ea8000000, 0x0000027ea8000000| Untracked 
| 409|0x0000027eaa000000, 0x0000027eaa000000, 0x0000027eac000000|  0%| F|  |TAMS 0x0000027eaa000000, 0x0000027eaa000000| Untracked 
| 410|0x0000027eac000000, 0x0000027eac000000, 0x0000027eae000000|  0%| F|  |TAMS 0x0000027eac000000, 0x0000027eac000000| Untracked 
| 411|0x0000027eae000000, 0x0000027eae000000, 0x0000027eb0000000|  0%| F|  |TAMS 0x0000027eae000000, 0x0000027eae000000| Untracked 
| 412|0x0000027eb0000000, 0x0000027eb0000000, 0x0000027eb2000000|  0%| F|  |TAMS 0x0000027eb0000000, 0x0000027eb0000000| Untracked 
| 413|0x0000027eb2000000, 0x0000027eb2000000, 0x0000027eb4000000|  0%| F|  |TAMS 0x0000027eb2000000, 0x0000027eb2000000| Untracked 
| 414|0x0000027eb4000000, 0x0000027eb4000000, 0x0000027eb6000000|  0%| F|  |TAMS 0x0000027eb4000000, 0x0000027eb4000000| Untracked 
| 415|0x0000027eb6000000, 0x0000027eb6000000, 0x0000027eb8000000|  0%| F|  |TAMS 0x0000027eb6000000, 0x0000027eb6000000| Untracked 
| 416|0x0000027eb8000000, 0x0000027eb8000000, 0x0000027eba000000|  0%| F|  |TAMS 0x0000027eb8000000, 0x0000027eb8000000| Untracked 
| 417|0x0000027eba000000, 0x0000027eba000000, 0x0000027ebc000000|  0%| F|  |TAMS 0x0000027eba000000, 0x0000027eba000000| Untracked 

Card table byte_map: [0x0000027b10000000,0x0000027b20000000] _byte_map_base: 0x00000279d2440000

Marking Bits (Prev, Next): (CMBitMap*) 0x0000027b5cf023d0, (CMBitMap*) 0x0000027b5cf02398
 Prev Bits: [0x0000029bf8000000, 0x0000029c78000000)
 Next Bits: [0x0000029b78000000, 0x0000029bf8000000)

Polling page: 0x0000027b5cf90000

Metaspace:

Usage:
   27.15 MB capacity,    26.88 MB (>99%) used,   210.74 KB ( <1%) free+waste,    64.88 KB ( <1%) overhead. 

Virtual space:
     28.00 MB reserved,      27.25 MB ( 97%) committed 

Chunk freelists:
4.50 KB

CodeHeap 'non-profiled nmethods': size=120000Kb used=3657Kb max_used=3657Kb free=116342Kb
 bounds [0x0000027b6e670000, 0x0000027b6ea10000, 0x0000027b75ba0000]
CodeHeap 'profiled nmethods': size=120000Kb used=5567Kb max_used=5567Kb free=114432Kb
 bounds [0x0000027b67140000, 0x0000027b676b0000, 0x0000027b6e670000]
CodeHeap 'non-nmethods': size=5760Kb used=1159Kb max_used=1254Kb free=4600Kb
 bounds [0x0000027b66ba0000, 0x0000027b66e10000, 0x0000027b67140000]
 total_blobs=3109 nmethods=2607 adapters=413
 compilation: enabled
              stopped_count=0, restarted_count=0
 full_count=0

Compilation events (10 events):
Event: 82.336 Thread 0x0000027b77d44000 2630       3       java.lang.Long::parseLong (267 bytes)
Event: 82.377 Thread 0x0000027b77d44000 nmethod 2630 0x0000027b6769bf90 code [0x0000027b6769c460, 0x0000027b6769e798]
Event: 82.377 Thread 0x0000027b77d44000 2629       3       java.lang.Long::parseLong (7 bytes)
Event: 82.377 Thread 0x0000027b77d44000 nmethod 2629 0x0000027b6769f590 code [0x0000027b6769f740, 0x0000027b6769f848]
Event: 82.377 Thread 0x0000027b77d44000 2631   !   3       java.text.SimpleDateFormat::subParse (1837 bytes)
Event: 82.570 Thread 0x0000027b77d43000 2635       4       java.nio.HeapByteBuffer::ix (7 bytes)
Event: 82.571 Thread 0x0000027b77d43000 nmethod 2635 0x0000027b6ea02510 code [0x0000027b6ea026a0, 0x0000027b6ea026f8]
Event: 83.072 Thread 0x0000027b77d44000 nmethod 2631 0x0000027b6769f910 code [0x0000027b676a05c0, 0x0000027b676a9468]
Event: 83.118 Thread 0x0000027b77d44000 2632   !   3       java.text.DecimalFormat::parse (463 bytes)
Event: 83.258 Thread 0x0000027b77d44000 nmethod 2632 0x0000027b676ac890 code [0x0000027b676acd00, 0x0000027b676af1f8]

GC Heap History (10 events):
Event: 77.554 GC heap after
{Heap after GC invocations=38 (full 0):
 garbage-first heap   total 13697024K, used 267521K [0x0000027b78000000, 0x0000029b78000000)
  region size 32768K, 1 young (32768K), 1 survivors (32768K)
 Metaspace       used 27487K, capacity 27740K, committed 27904K, reserved 28672K
}
Event: 79.538 GC heap before
{Heap before GC invocations=38 (full 0):
 garbage-first heap   total 13697024K, used 890113K [0x0000027b78000000, 0x0000029b78000000)
  region size 32768K, 20 young (655360K), 1 survivors (32768K)
 Metaspace       used 27490K, capacity 27740K, committed 27904K, reserved 28672K
}
Event: 79.718 GC heap after
{Heap after GC invocations=39 (full 0):
 garbage-first heap   total 13697024K, used 266219K [0x0000027b78000000, 0x0000029b78000000)
  region size 32768K, 1 young (32768K), 1 survivors (32768K)
 Metaspace       used 27490K, capacity 27740K, committed 27904K, reserved 28672K
}
Event: 80.699 GC heap before
{Heap before GC invocations=39 (full 0):
 garbage-first heap   total 13697024K, used 888811K [0x0000027b78000000, 0x0000029b78000000)
  region size 32768K, 20 young (655360K), 1 survivors (32768K)
 Metaspace       used 27490K, capacity 27740K, committed 27904K, reserved 28672K
}
Event: 81.099 GC heap after
{Heap after GC invocations=40 (full 0):
 garbage-first heap   total 13697024K, used 276503K [0x0000027b78000000, 0x0000029b78000000)
  region size 32768K, 1 young (32768K), 1 survivors (32768K)
 Metaspace       used 27490K, capacity 27740K, committed 27904K, reserved 28672K
}
Event: 82.102 GC heap before
{Heap before GC invocations=40 (full 0):
 garbage-first heap   total 13697024K, used 899095K [0x0000027b78000000, 0x0000029b78000000)
  region size 32768K, 20 young (655360K), 1 survivors (32768K)
 Metaspace       used 27490K, capacity 27740K, committed 27904K, reserved 28672K
}
Event: 82.120 GC heap after
{Heap after GC invocations=41 (full 0):
 garbage-first heap   total 13697024K, used 281330K [0x0000027b78000000, 0x0000029b78000000)
  region size 32768K, 1 young (32768K), 1 survivors (32768K)
 Metaspace       used 27490K, capacity 27740K, committed 27904K, reserved 28672K
}
Event: 82.909 GC heap before
{Heap before GC invocations=41 (full 0):
 garbage-first heap   total 13697024K, used 903922K [0x0000027b78000000, 0x0000029b78000000)
  region size 32768K, 20 young (655360K), 1 survivors (32768K)
 Metaspace       used 27523K, capacity 27804K, committed 27904K, reserved 28672K
}
Event: 82.982 GC heap after
{Heap after GC invocations=42 (full 0):
 garbage-first heap   total 13697024K, used 280630K [0x0000027b78000000, 0x0000029b78000000)
  region size 32768K, 1 young (32768K), 1 survivors (32768K)
 Metaspace       used 27523K, capacity 27804K, committed 27904K, reserved 28672K
}
Event: 83.825 GC heap before
{Heap before GC invocations=42 (full 0):
 garbage-first heap   total 13697024K, used 903222K [0x0000027b78000000, 0x0000029b78000000)
  region size 32768K, 20 young (655360K), 1 survivors (32768K)
 Metaspace       used 27528K, capacity 27804K, committed 27904K, reserved 28672K
}

Deoptimization events (10 events):
Event: 59.016 Thread 0x0000027b5cebf000 Uncommon trap: reason=class_check action=maybe_recompile pc=0x0000027b6e775c70 method=java.util.TreeMap.put(Ljava/lang/Object;Ljava/lang/Object;)Ljava/lang/Object; @ 127 c2
Event: 59.162 Thread 0x0000027b5cebf000 Uncommon trap: reason=class_check action=maybe_recompile pc=0x0000027b6e78f660 method=java.util.TreeMap$KeySet.iterator()Ljava/util/Iterator; @ 4 c2
Event: 59.234 Thread 0x0000027b5cebf000 Uncommon trap: reason=class_check action=maybe_recompile pc=0x0000027b6e78f660 method=java.util.TreeMap$KeySet.iterator()Ljava/util/Iterator; @ 4 c2
Event: 64.514 Thread 0x0000027b5cebf000 Uncommon trap: reason=intrinsic_or_type_checked_inlining action=make_not_entrant pc=0x0000027b6e9f7450 method=java.util.ComparableTimSort.mergeLo(IIII)V @ 652 c2
Event: 69.467 Thread 0x0000027b5cebf000 Uncommon trap: reason=array_check action=maybe_recompile pc=0x0000027b6e9fa84c method=java.util.ComparableTimSort.mergeLo(IIII)V @ 587 c2
Event: 69.494 Thread 0x0000027b5cebf000 Uncommon trap: reason=intrinsic_or_type_checked_inlining action=make_not_entrant pc=0x0000027b6e9f9cd4 method=java.util.ComparableTimSort.mergeLo(IIII)V @ 326 c2
Event: 69.505 Thread 0x0000027b5cebf000 Uncommon trap: reason=profile_predicate action=maybe_recompile pc=0x0000027b6e9da4c8 method=java.util.ComparableTimSort.mergeLo(IIII)V @ 268 c2
Event: 69.543 Thread 0x0000027b5cebf000 Uncommon trap: reason=array_check action=maybe_recompile pc=0x0000027b6e9fd1b8 method=java.util.ComparableTimSort.mergeLo(IIII)V @ 465 c2
Event: 69.543 Thread 0x0000027b5cebf000 Uncommon trap: reason=array_check action=maybe_recompile pc=0x0000027b6e9fd1b8 method=java.util.ComparableTimSort.mergeLo(IIII)V @ 465 c2
Event: 69.546 Thread 0x0000027b5cebf000 Uncommon trap: reason=array_check action=maybe_recompile pc=0x0000027b6e9f1b80 method=java.util.ComparableTimSort.mergeLo(IIII)V @ 587 c2

Classes redefined (0 events):
No events

Internal exceptions (10 events):
Event: 1.933 Thread 0x0000027b5cebf000 Exception <a 'java/security/PrivilegedActionException'{0x0000027b87acf1a8}> (0x0000027b87acf1a8) thrown at [./open/src/hotspot/share/prims/jvm.cpp, line 1305]
Event: 1.933 Thread 0x0000027b5cebf000 Exception <a 'java/security/PrivilegedActionException'{0x0000027b87ad10d8}> (0x0000027b87ad10d8) thrown at [./open/src/hotspot/share/prims/jvm.cpp, line 1305]
Event: 1.933 Thread 0x0000027b5cebf000 Exception <a 'java/security/PrivilegedActionException'{0x0000027b87ad1b40}> (0x0000027b87ad1b40) thrown at [./open/src/hotspot/share/prims/jvm.cpp, line 1305]
Event: 1.933 Thread 0x0000027b5cebf000 Exception <a 'java/security/PrivilegedActionException'{0x0000027b87ad3a18}> (0x0000027b87ad3a18) thrown at [./open/src/hotspot/share/prims/jvm.cpp, line 1305]
Event: 1.933 Thread 0x0000027b5cebf000 Exception <a 'java/security/PrivilegedActionException'{0x0000027b87ad4480}> (0x0000027b87ad4480) thrown at [./open/src/hotspot/share/prims/jvm.cpp, line 1305]
Event: 1.933 Thread 0x0000027b5cebf000 Exception <a 'java/security/PrivilegedActionException'{0x0000027b87ad6430}> (0x0000027b87ad6430) thrown at [./open/src/hotspot/share/prims/jvm.cpp, line 1305]
Event: 1.933 Thread 0x0000027b5cebf000 Exception <a 'java/security/PrivilegedActionException'{0x0000027b87ad6e98}> (0x0000027b87ad6e98) thrown at [./open/src/hotspot/share/prims/jvm.cpp, line 1305]
Event: 1.933 Thread 0x0000027b5cebf000 Exception <a 'java/security/PrivilegedActionException'{0x0000027b87ad8de8}> (0x0000027b87ad8de8) thrown at [./open/src/hotspot/share/prims/jvm.cpp, line 1305]
Event: 1.933 Thread 0x0000027b5cebf000 Exception <a 'java/security/PrivilegedActionException'{0x0000027b87ad9850}> (0x0000027b87ad9850) thrown at [./open/src/hotspot/share/prims/jvm.cpp, line 1305]
Event: 2.234 Thread 0x0000027b5cebf000 Exception <a 'java/lang/NoSuchMethodError'{0x0000027b82db94b0}: java.lang.invoke.DirectMethodHandle$Holder.invokeStatic(Ljava/lang/Object;Ljava/lang/Object;Ljava/lang/Object;Ljava/lang/Object;)V> (0x0000027b82db94b0) thrown at [./open/src/hotspot/share/in

Events (10 events):
Event: 77.554 Executing VM operation: G1CollectForAllocation done
Event: 79.538 Executing VM operation: G1CollectForAllocation
Event: 79.718 Executing VM operation: G1CollectForAllocation done
Event: 80.699 Executing VM operation: G1CollectForAllocation
Event: 81.099 Executing VM operation: G1CollectForAllocation done
Event: 81.794 Executing VM operation: G1CollectForAllocation
Event: 82.120 Executing VM operation: G1CollectForAllocation done
Event: 82.909 Executing VM operation: G1CollectForAllocation
Event: 82.982 Executing VM operation: G1CollectForAllocation done
Event: 83.805 Executing VM operation: G1CollectForAllocation


Dynamic libraries:
0x00007ff7c15a0000 - 0x00007ff7c15af000 	C:\Program Files\Java\jdk-11.0.12\bin\java.exe
0x00007ffc28150000 - 0x00007ffc28345000 	C:\WINDOWS\SYSTEM32\ntdll.dll
0x00007ffc266f0000 - 0x00007ffc267ae000 	C:\WINDOWS\System32\KERNEL32.DLL
0x00007ffc25e60000 - 0x00007ffc26128000 	C:\WINDOWS\System32\KERNELBASE.dll
0x00007ffc25950000 - 0x00007ffc25a50000 	C:\WINDOWS\System32\ucrtbase.dll
0x00007ffc05d60000 - 0x00007ffc05d75000 	C:\Program Files\Java\jdk-11.0.12\bin\VCRUNTIME140.dll
0x00007ffc03cf0000 - 0x00007ffc03d08000 	C:\Program Files\Java\jdk-11.0.12\bin\jli.dll
0x00007ffc27320000 - 0x00007ffc273ce000 	C:\WINDOWS\System32\ADVAPI32.dll
0x00007ffc26fb0000 - 0x00007ffc2704e000 	C:\WINDOWS\System32\msvcrt.dll
0x00007ffc277e0000 - 0x00007ffc2787c000 	C:\WINDOWS\System32\sechost.dll
0x00007ffc267b0000 - 0x00007ffc268d5000 	C:\WINDOWS\System32\RPCRT4.dll
0x00007ffc268e0000 - 0x00007ffc26a81000 	C:\WINDOWS\System32\USER32.dll
0x00007ffc03f90000 - 0x00007ffc0422a000 	C:\WINDOWS\WinSxS\amd64_microsoft.windows.common-controls_6595b64144ccf1df_6.0.19041.1110_none_60b5254171f9507e\COMCTL32.dll
0x00007ffc25b30000 - 0x00007ffc25b52000 	C:\WINDOWS\System32\win32u.dll
0x00007ffc277b0000 - 0x00007ffc277db000 	C:\WINDOWS\System32\GDI32.dll
0x00007ffc25d50000 - 0x00007ffc25e5d000 	C:\WINDOWS\System32\gdi32full.dll
0x00007ffc25860000 - 0x00007ffc258fd000 	C:\WINDOWS\System32\msvcp_win.dll
0x00007ffc1ec20000 - 0x00007ffc1ec2a000 	C:\WINDOWS\SYSTEM32\VERSION.dll
0x00007ffc26f80000 - 0x00007ffc26fb0000 	C:\WINDOWS\System32\IMM32.DLL
0x00007ffbcc270000 - 0x00007ffbcc30b000 	C:\Program Files\Java\jdk-11.0.12\bin\msvcp140.dll
0x00007ffbcb770000 - 0x00007ffbcc26f000 	C:\Program Files\Java\jdk-11.0.12\bin\server\jvm.dll
0x00007ffc27790000 - 0x00007ffc27798000 	C:\WINDOWS\System32\PSAPI.DLL
0x00007ffc1d5f0000 - 0x00007ffc1d5f9000 	C:\WINDOWS\SYSTEM32\WSOCK32.dll
0x00007ffc0e4d0000 - 0x00007ffc0e4f7000 	C:\WINDOWS\SYSTEM32\WINMM.dll
0x00007ffc280a0000 - 0x00007ffc2810b000 	C:\WINDOWS\System32\WS2_32.dll
0x00007ffc240a0000 - 0x00007ffc240b2000 	C:\WINDOWS\SYSTEM32\kernel.appcore.dll
0x00007ffc12cc0000 - 0x00007ffc12cd0000 	C:\Program Files\Java\jdk-11.0.12\bin\verify.dll
0x00007ffc234c0000 - 0x00007ffc236a4000 	C:\WINDOWS\SYSTEM32\DBGHELP.DLL
0x00007ffc14130000 - 0x00007ffc1415c000 	C:\WINDOWS\SYSTEM32\dbgcore.DLL
0x00007ffc25b60000 - 0x00007ffc25be2000 	C:\WINDOWS\System32\bcryptPrimitives.dll
0x00007ffbff570000 - 0x00007ffbff598000 	C:\Program Files\Java\jdk-11.0.12\bin\java.dll
0x00007ffc105b0000 - 0x00007ffc105ba000 	C:\Program Files\Java\jdk-11.0.12\bin\jimage.dll
0x00007ffc01190000 - 0x00007ffc011a6000 	C:\Program Files\Java\jdk-11.0.12\bin\zip.dll
0x00007ffc27950000 - 0x00007ffc28094000 	C:\WINDOWS\System32\SHELL32.dll
0x00007ffc238f0000 - 0x00007ffc24085000 	C:\WINDOWS\SYSTEM32\windows.storage.dll
0x00007ffc27430000 - 0x00007ffc27785000 	C:\WINDOWS\System32\combase.dll
0x00007ffc251d0000 - 0x00007ffc251fe000 	C:\WINDOWS\SYSTEM32\Wldp.dll
0x00007ffc278a0000 - 0x00007ffc2794d000 	C:\WINDOWS\System32\SHCORE.dll
0x00007ffc273d0000 - 0x00007ffc27425000 	C:\WINDOWS\System32\shlwapi.dll
0x00007ffc257a0000 - 0x00007ffc257bf000 	C:\WINDOWS\SYSTEM32\profapi.dll
0x00007ffc00f20000 - 0x00007ffc00f39000 	C:\Program Files\Java\jdk-11.0.12\bin\net.dll
0x00007ffc1ee60000 - 0x00007ffc1ef6c000 	C:\WINDOWS\SYSTEM32\WINHTTP.dll
0x00007ffc24fb0000 - 0x00007ffc2501a000 	C:\WINDOWS\system32\mswsock.dll
0x00007ffbfe580000 - 0x00007ffbfe592000 	C:\Program Files\Java\jdk-11.0.12\bin\nio.dll
0x00007ffc1ff80000 - 0x00007ffc1ff89000 	C:\Program Files\Java\jdk-11.0.12\bin\management.dll
0x00007ffc1fed0000 - 0x00007ffc1fedb000 	C:\Program Files\Java\jdk-11.0.12\bin\management_ext.dll
0x00007ffc25210000 - 0x00007ffc25228000 	C:\WINDOWS\SYSTEM32\CRYPTSP.dll
0x00007ffc248e0000 - 0x00007ffc24914000 	C:\WINDOWS\system32\rsaenh.dll
0x00007ffc25b00000 - 0x00007ffc25b27000 	C:\WINDOWS\System32\bcrypt.dll
0x00007ffc25760000 - 0x00007ffc2578e000 	C:\WINDOWS\SYSTEM32\USERENV.dll
0x00007ffc25140000 - 0x00007ffc2514c000 	C:\WINDOWS\SYSTEM32\CRYPTBASE.dll
0x00007ffc24c70000 - 0x00007ffc24cab000 	C:\WINDOWS\SYSTEM32\IPHLPAPI.DLL
0x00007ffc277a0000 - 0x00007ffc277a8000 	C:\WINDOWS\System32\NSI.dll
0x00007ffc1f750000 - 0x00007ffc1f767000 	C:\WINDOWS\SYSTEM32\dhcpcsvc6.DLL
0x00007ffc1f730000 - 0x00007ffc1f74d000 	C:\WINDOWS\SYSTEM32\dhcpcsvc.DLL
0x00007ffc24cb0000 - 0x00007ffc24d7b000 	C:\WINDOWS\SYSTEM32\DNSAPI.dll
0x00007ffc1ff60000 - 0x00007ffc1ff6a000 	C:\Users\Hp\AppData\Local\Temp\jansi-64-1-1583188826327884680.11
0x00007ffc16f90000 - 0x00007ffc16fa7000 	C:\WINDOWS\system32\napinsp.dll
0x00007ffc1e980000 - 0x00007ffc1e99b000 	C:\WINDOWS\system32\pnrpnsp.dll
0x00007ffc207a0000 - 0x00007ffc207b5000 	C:\WINDOWS\system32\wshbth.dll
0x00007ffc1e870000 - 0x00007ffc1e88d000 	C:\WINDOWS\system32\NLAapi.dll
0x00007ffc1f250000 - 0x00007ffc1f262000 	C:\WINDOWS\System32\winrnr.dll
0x00007ffc1e860000 - 0x00007ffc1e86a000 	C:\Windows\System32\rasadhlp.dll
0x00007ffc1d320000 - 0x00007ffc1d39f000 	C:\WINDOWS\System32\fwpuclnt.dll

dbghelp: loaded successfully - version: 4.0.5 - missing functions: none
symbol engine: initialized successfully - sym options: 0x614 - pdb path: .;C:\Program Files\Java\jdk-11.0.12\bin;C:\WINDOWS\SYSTEM32;C:\WINDOWS\WinSxS\amd64_microsoft.windows.common-controls_6595b64144ccf1df_6.0.19041.1110_none_60b5254171f9507e;C:\Program Files\Java\jdk-11.0.12\bin\server;C:\Users\Hp\AppData\Local\Temp

VM Arguments:
jvm_args: -Xms256m -Xmx128G 
java_command: org.apache.maven.surefire.booter.ForkedBooter C:\Users\Hp\AppData\Local\Temp\surefire7259783179307528896 2022-01-17T12-14-18_787-jvmRun1 surefire17716842532173536489tmp surefire_03742744944076657620tmp
java_class_path (initial): C:\Users\Hp\.m2\repository\org\apache\maven\surefire\surefire-booter\2.22.2\surefire-booter-2.22.2.jar;C:\Users\Hp\.m2\repository\org\apache\maven\surefire\surefire-api\2.22.2\surefire-api-2.22.2.jar;C:\Users\Hp\.m2\repository\org\apache\maven\surefire\surefire-logger-api\2.22.2\surefire-logger-api-2.22.2.jar;F:\Newfolder\jan\LIMES\limes-core\target\test-classes;F:\Newfolder\jan\LIMES\limes-core\target\classes;C:\Users\Hp\.m2\repository\org\slf4j\slf4j-api\1.7.21\slf4j-api-1.7.21.jar;C:\Users\Hp\.m2\repository\de\vandermeer\asciitable\0.3.2\asciitable-0.3.2.jar;C:\Users\Hp\.m2\repository\de\vandermeer\ascii-utf-themes\0.0.1\ascii-utf-themes-0.0.1.jar;C:\Users\Hp\.m2\repository\de\vandermeer\skb-interfaces\0.0.1\skb-interfaces-0.0.1.jar;C:\Users\Hp\.m2\repository\org\antlr\ST4\4.0.8\ST4-4.0.8.jar;C:\Users\Hp\.m2\repository\org\antlr\antlr-runtime\3.5.2\antlr-runtime-3.5.2.jar;C:\Users\Hp\.m2\repository\org\antlr\antlr4\4.5.1\antlr4-4.5.1.jar;C:\Users\Hp\.m2\repository\de\vandermeer\char-translation\0.0.2\char-translation-0.0.2.jar;C:\Users\Hp\.m2\repository\org\apache\commons\commons-math3\3.3\commons-math3-3.3.jar;C:\Users\Hp\.m2\repository\org\apache\logging\log4j\log4j-slf4j-impl\2.6.1\log4j-slf4j-impl-2.6.1.jar;C:\Users\Hp\.m2\repository\org\slf4j\log4j-over-slf4j\1.7.21\log4j-over-slf4j-1.7.21.jar;C:\Users\Hp\.m2\repository\org\slf4j\jcl-over-slf4j\1.7.21\jcl-over-slf4j-1.7.21.jar;C:\Users\Hp\.m2\repository\org\apache\logging\log4j\log4j-api\2.6.1\log4j-api-2.6.1.jar;C:\Users\Hp\.m2\repository\org\apache\logging\log4j\log4j-core\2.6.1\log4j-core-2.6.1.jar;C:\Users\Hp\.m2\repository\commons-codec\commons-codec\1.11\commons-codec-1.11.jar;C:\Users\Hp\.m2\repository\org\apache\jena\jena-tdb\3.9.0\jena-tdb-3.9.0.jar;C:\Users\Hp\.m2\repository\org\apache\jena\jena-tdb2\3.9.0\jena-tdb2-3.9.0.jar;C:\Users\Hp\.m2\repository\org\apache\jena\jena-dboe-trans-data\3.9.0\jena-dboe-trans-data-3.9.0.jar;C:\Users\Hp\.m2\repository\org\apache\jena\je
Launcher Type: SUN_STANDARD

[Global flags]
     intx CICompilerCount                          = 4                                         {product} {ergonomic}
     uint ConcGCThreads                            = 2                                         {product} {ergonomic}
     uint G1ConcRefinementThreads                  = 8                                         {product} {ergonomic}
   size_t G1HeapRegionSize                         = 33554432                                  {product} {ergonomic}
    uintx GCDrainStackTargetSize                   = 64                                        {product} {ergonomic}
   size_t InitialHeapSize                          = 268435456                                 {product} {command line}
   size_t MarkStackSize                            = 4194304                                   {product} {ergonomic}
   size_t MaxHeapSize                              = 137438953472                              {product} {command line}
   size_t MaxNewSize                               = 82443239424                               {product} {ergonomic}
   size_t MinHeapDeltaBytes                        = 33554432                                  {product} {ergonomic}
    uintx NonNMethodCodeHeapSize                   = 5836300                                {pd product} {ergonomic}
    uintx NonProfiledCodeHeapSize                  = 122910970                              {pd product} {ergonomic}
    uintx ProfiledCodeHeapSize                     = 122910970                              {pd product} {ergonomic}
    uintx ReservedCodeCacheSize                    = 251658240                              {pd product} {ergonomic}
     bool SegmentedCodeCache                       = true                                      {product} {ergonomic}
     bool UseG1GC                                  = true                                      {product} {ergonomic}
     bool UseLargePagesIndividualAllocation        = false                                  {pd product} {ergonomic}

Logging:
Log output configuration:
 #0: stdout all=warning uptime,level,tags
 #1: stderr all=off uptime,level,tags

Environment Variables:
JAVA_HOME=C:\Program Files\Java\jdk-11.0.12
CLASSPATH=C:\Users\Hp\.m2\repository\org\apache\maven\surefire\surefire-booter\2.22.2\surefire-booter-2.22.2.jar;C:\Users\Hp\.m2\repository\org\apache\maven\surefire\surefire-api\2.22.2\surefire-api-2.22.2.jar;C:\Users\Hp\.m2\repository\org\apache\maven\surefire\surefire-logger-api\2.22.2\surefire-logger-api-2.22.2.jar;F:\Newfolder\jan\LIMES\limes-core\target\test-classes;F:\Newfolder\jan\LIMES\limes-core\target\classes;C:\Users\Hp\.m2\repository\org\slf4j\slf4j-api\1.7.21\slf4j-api-1.7.21.jar;C:\Users\Hp\.m2\repository\de\vandermeer\asciitable\0.3.2\asciitable-0.3.2.jar;C:\Users\Hp\.m2\repository\de\vandermeer\ascii-utf-themes\0.0.1\ascii-utf-themes-0.0.1.jar;C:\Users\Hp\.m2\repository\de\vandermeer\skb-interfaces\0.0.1\skb-interfaces-0.0.1.jar;C:\Users\Hp\.m2\repository\org\antlr\ST4\4.0.8\ST4-4.0.8.jar;C:\Users\Hp\.m2\repository\org\antlr\antlr-runtime\3.5.2\antlr-runtime-3.5.2.jar;C:\Users\Hp\.m2\repository\org\antlr\antlr4\4.5.1\antlr4-4.5.1.jar;C:\Users\Hp\.m2\repository\de\vandermeer\char-translation\0.0.2\char-translation-0.0.2.jar;C:\Users\Hp\.m2\repository\org\apache\commons\commons-math3\3.3\commons-math3-3.3.jar;C:\Users\Hp\.m2\repository\org\apache\logging\log4j\log4j-slf4j-impl\2.6.1\log4j-slf4j-impl-2.6.1.jar;C:\Users\Hp\.m2\repository\org\slf4j\log4j-over-slf4j\1.7.21\log4j-over-slf4j-1.7.21.jar;C:\Users\Hp\.m2\repository\org\slf4j\jcl-over-slf4j\1.7.21\jcl-over-slf4j-1.7.21.jar;C:\Users\Hp\.m2\repository\org\apache\logging\log4j\log4j-api\2.6.1\log4j-api-2.6.1.jar;C:\Users\Hp\.m2\repository\org\apache\logging\log4j\log4j-core\2.6.1\log4j-core-2.6.1.jar;C:\Users\Hp\.m2\repository\commons-codec\commons-codec\1.11\commons-codec-1.11.jar;C:\Users\Hp\.m2\repository\org\apache\jena\jena-tdb\3.9.0\jena-tdb-3.9.0.jar;C:\Users\Hp\.m2\repository\org\apache\jena\jena-tdb2\3.9.0\jena-tdb2-3.9.0.jar;C:\Users\Hp\.m2\repository\org\apache\jena\jena-dboe-trans-data\3.9.0\jena-dboe-trans-data-3.9.0.jar;C:\Users\Hp\.m2\repository\org\apache\jena\jena-dboe-transaction\3.9.0\j
PATH=C:\Program Files\Common Files\Oracle\Java\javapath;C:\WINDOWS\system32;C:\WINDOWS;C:\WINDOWS\System32\Wbem;C:\WINDOWS\System32\WindowsPowerShell\v1.0\;C:\WINDOWS\System32\OpenSSH\;C:\Program Files\swipl\bin;C:\Program Files\Git\cmd;C:\apache-maven-3.6.3\bin;C:\Program Files\nodejs\;C:\Users\Hp\AppData\Local\Microsoft\WindowsApps\python.exe;C:\Users\Hp\AppData\Local\Microsoft\WindowsApps\;;C:\Program Files\Docker\Docker\resources\bin;C:\ProgramData\DockerDesktop\version-bin;C:\Users\Hp\anaconda3;C:\Users\Hp\anaconda3\Library\mingw-w64\bin;C:\Users\Hp\anaconda3\Library\usr\bin;C:\Users\Hp\anaconda3\Library\bin;C:\Users\Hp\anaconda3\Scripts;C:\Users\Hp\AppData\Local\Microsoft\WindowsApps;C:\Users\Hp\AppData\Local\Programs\Microsoft VS Code\bin;C:\Program Files\JetBrains\PyCharm Community Edition 2020.3.3\bin;;C:\Users\Hp\AppData\Roaming\npm
USERNAME=Hp
OS=Windows_NT
PROCESSOR_IDENTIFIER=Intel64 Family 6 Model 142 Stepping 12, GenuineIntel



---------------  S Y S T E M  ---------------

OS: Windows 10 , 64 bit Build 19041 (10.0.19041.1466)
Hyper-V role detected

CPU:total 8 (initial active 8) (4 cores per cpu, 2 threads per core) family 6 model 142 stepping 12 microcode 0xde, cmov, cx8, fxsr, mmx, sse, sse2, sse3, ssse3, sse4.1, sse4.2, popcnt, avx, avx2, aes, clmul, erms, 3dnowpref, lzcnt, ht, tsc, tscinvbit, bmi1, bmi2, adx, fma

Memory: 4k page, system-wide physical 7995M (1103M free)
TotalPageFile size 27626M (AvailPageFile size 2812M)
current process WorkingSet (physical memory assigned to process): 1353M, peak: 2258M
current process commit charge ("private bytes"): 14028M, peak: 26987M

vm_info: Java HotSpot(TM) 64-Bit Server VM (11.0.12+8-LTS-237) for windows-amd64 JRE (11.0.12+8-LTS-237), built on Jun  8 2021 11:25:59 by "mach5one" with MS VC++ 15.9 (VS2017)

END.
